Start testing: Apr 30 09:46 KST
----------------------------------------------------------
1/134 Testing: GameFactoryTest.CreateGomokuState
1/134 Test: GameFactoryTest.CreateGomokuState
Command: "/home/cosmos/alphazero-multi-game/build/tests/core_tests" "--gtest_filter=GameFactoryTest.CreateGomokuState" "--gtest_also_run_disabled_tests"
Directory: /home/cosmos/alphazero-multi-game/build/tests
"GameFactoryTest.CreateGomokuState" start time: Apr 30 09:46 KST
Output:
----------------------------------------------------------
Running main() from ./googletest/src/gtest_main.cc
Note: Google Test filter = GameFactoryTest.CreateGomokuState
[==========] Running 1 test from 1 test suite.
[----------] Global test environment set-up.
[----------] 1 test from GameFactoryTest
[ RUN      ] GameFactoryTest.CreateGomokuState
[       OK ] GameFactoryTest.CreateGomokuState (0 ms)
[----------] 1 test from GameFactoryTest (0 ms total)

[----------] Global test environment tear-down
[==========] 1 test from 1 test suite ran. (0 ms total)
[  PASSED  ] 1 test.
<end of output>
Test time =   0.37 sec
----------------------------------------------------------
Test Passed.
"GameFactoryTest.CreateGomokuState" end time: Apr 30 09:46 KST
"GameFactoryTest.CreateGomokuState" time elapsed: 00:00:00
----------------------------------------------------------

2/134 Testing: GameFactoryTest.CreateChessState
2/134 Test: GameFactoryTest.CreateChessState
Command: "/home/cosmos/alphazero-multi-game/build/tests/core_tests" "--gtest_filter=GameFactoryTest.CreateChessState" "--gtest_also_run_disabled_tests"
Directory: /home/cosmos/alphazero-multi-game/build/tests
"GameFactoryTest.CreateChessState" start time: Apr 30 09:46 KST
Output:
----------------------------------------------------------
Running main() from ./googletest/src/gtest_main.cc
Note: Google Test filter = GameFactoryTest.CreateChessState
[==========] Running 1 test from 1 test suite.
[----------] Global test environment set-up.
[----------] 1 test from GameFactoryTest
[ RUN      ] GameFactoryTest.CreateChessState
[       OK ] GameFactoryTest.CreateChessState (0 ms)
[----------] 1 test from GameFactoryTest (0 ms total)

[----------] Global test environment tear-down
[==========] 1 test from 1 test suite ran. (0 ms total)
[  PASSED  ] 1 test.
<end of output>
Test time =   0.34 sec
----------------------------------------------------------
Test Passed.
"GameFactoryTest.CreateChessState" end time: Apr 30 09:46 KST
"GameFactoryTest.CreateChessState" time elapsed: 00:00:00
----------------------------------------------------------

3/134 Testing: GameFactoryTest.CreateGoState
3/134 Test: GameFactoryTest.CreateGoState
Command: "/home/cosmos/alphazero-multi-game/build/tests/core_tests" "--gtest_filter=GameFactoryTest.CreateGoState" "--gtest_also_run_disabled_tests"
Directory: /home/cosmos/alphazero-multi-game/build/tests
"GameFactoryTest.CreateGoState" start time: Apr 30 09:46 KST
Output:
----------------------------------------------------------
Running main() from ./googletest/src/gtest_main.cc
Note: Google Test filter = GameFactoryTest.CreateGoState
[==========] Running 1 test from 1 test suite.
[----------] Global test environment set-up.
[----------] 1 test from GameFactoryTest
[ RUN      ] GameFactoryTest.CreateGoState
[       OK ] GameFactoryTest.CreateGoState (0 ms)
[----------] 1 test from GameFactoryTest (0 ms total)

[----------] Global test environment tear-down
[==========] 1 test from 1 test suite ran. (0 ms total)
[  PASSED  ] 1 test.
<end of output>
Test time =   0.32 sec
----------------------------------------------------------
Test Passed.
"GameFactoryTest.CreateGoState" end time: Apr 30 09:46 KST
"GameFactoryTest.CreateGoState" time elapsed: 00:00:00
----------------------------------------------------------

4/134 Testing: GameFactoryTest.CreateGameState
4/134 Test: GameFactoryTest.CreateGameState
Command: "/home/cosmos/alphazero-multi-game/build/tests/core_tests" "--gtest_filter=GameFactoryTest.CreateGameState" "--gtest_also_run_disabled_tests"
Directory: /home/cosmos/alphazero-multi-game/build/tests
"GameFactoryTest.CreateGameState" start time: Apr 30 09:46 KST
Output:
----------------------------------------------------------
Running main() from ./googletest/src/gtest_main.cc
Note: Google Test filter = GameFactoryTest.CreateGameState
[==========] Running 1 test from 1 test suite.
[----------] Global test environment set-up.
[----------] 1 test from GameFactoryTest
[ RUN      ] GameFactoryTest.CreateGameState
[       OK ] GameFactoryTest.CreateGameState (0 ms)
[----------] 1 test from GameFactoryTest (0 ms total)

[----------] Global test environment tear-down
[==========] 1 test from 1 test suite ran. (0 ms total)
[  PASSED  ] 1 test.
<end of output>
Test time =   0.37 sec
----------------------------------------------------------
Test Passed.
"GameFactoryTest.CreateGameState" end time: Apr 30 09:46 KST
"GameFactoryTest.CreateGameState" time elapsed: 00:00:00
----------------------------------------------------------

5/134 Testing: GameFactoryTest.IsGameSupported
5/134 Test: GameFactoryTest.IsGameSupported
Command: "/home/cosmos/alphazero-multi-game/build/tests/core_tests" "--gtest_filter=GameFactoryTest.IsGameSupported" "--gtest_also_run_disabled_tests"
Directory: /home/cosmos/alphazero-multi-game/build/tests
"GameFactoryTest.IsGameSupported" start time: Apr 30 09:46 KST
Output:
----------------------------------------------------------
Running main() from ./googletest/src/gtest_main.cc
Note: Google Test filter = GameFactoryTest.IsGameSupported
[==========] Running 1 test from 1 test suite.
[----------] Global test environment set-up.
[----------] 1 test from GameFactoryTest
[ RUN      ] GameFactoryTest.IsGameSupported
[       OK ] GameFactoryTest.IsGameSupported (0 ms)
[----------] 1 test from GameFactoryTest (0 ms total)

[----------] Global test environment tear-down
[==========] 1 test from 1 test suite ran. (0 ms total)
[  PASSED  ] 1 test.
<end of output>
Test time =   0.33 sec
----------------------------------------------------------
Test Passed.
"GameFactoryTest.IsGameSupported" end time: Apr 30 09:46 KST
"GameFactoryTest.IsGameSupported" time elapsed: 00:00:00
----------------------------------------------------------

6/134 Testing: GameFactoryTest.GetDefaultBoardSize
6/134 Test: GameFactoryTest.GetDefaultBoardSize
Command: "/home/cosmos/alphazero-multi-game/build/tests/core_tests" "--gtest_filter=GameFactoryTest.GetDefaultBoardSize" "--gtest_also_run_disabled_tests"
Directory: /home/cosmos/alphazero-multi-game/build/tests
"GameFactoryTest.GetDefaultBoardSize" start time: Apr 30 09:46 KST
Output:
----------------------------------------------------------
Running main() from ./googletest/src/gtest_main.cc
Note: Google Test filter = GameFactoryTest.GetDefaultBoardSize
[==========] Running 1 test from 1 test suite.
[----------] Global test environment set-up.
[----------] 1 test from GameFactoryTest
[ RUN      ] GameFactoryTest.GetDefaultBoardSize
[       OK ] GameFactoryTest.GetDefaultBoardSize (0 ms)
[----------] 1 test from GameFactoryTest (0 ms total)

[----------] Global test environment tear-down
[==========] 1 test from 1 test suite ran. (0 ms total)
[  PASSED  ] 1 test.
<end of output>
Test time =   0.37 sec
----------------------------------------------------------
Test Passed.
"GameFactoryTest.GetDefaultBoardSize" end time: Apr 30 09:46 KST
"GameFactoryTest.GetDefaultBoardSize" time elapsed: 00:00:00
----------------------------------------------------------

7/134 Testing: IGameStateTest.CreateGameState
7/134 Test: IGameStateTest.CreateGameState
Command: "/home/cosmos/alphazero-multi-game/build/tests/core_tests" "--gtest_filter=IGameStateTest.CreateGameState" "--gtest_also_run_disabled_tests"
Directory: /home/cosmos/alphazero-multi-game/build/tests
"IGameStateTest.CreateGameState" start time: Apr 30 09:46 KST
Output:
----------------------------------------------------------
Running main() from ./googletest/src/gtest_main.cc
Note: Google Test filter = IGameStateTest.CreateGameState
[==========] Running 1 test from 1 test suite.
[----------] Global test environment set-up.
[----------] 1 test from IGameStateTest
[ RUN      ] IGameStateTest.CreateGameState
[       OK ] IGameStateTest.CreateGameState (0 ms)
[----------] 1 test from IGameStateTest (0 ms total)

[----------] Global test environment tear-down
[==========] 1 test from 1 test suite ran. (0 ms total)
[  PASSED  ] 1 test.
<end of output>
Test time =   0.31 sec
----------------------------------------------------------
Test Passed.
"IGameStateTest.CreateGameState" end time: Apr 30 09:46 KST
"IGameStateTest.CreateGameState" time elapsed: 00:00:00
----------------------------------------------------------

8/134 Testing: IGameStateTest.InitialState
8/134 Test: IGameStateTest.InitialState
Command: "/home/cosmos/alphazero-multi-game/build/tests/core_tests" "--gtest_filter=IGameStateTest.InitialState" "--gtest_also_run_disabled_tests"
Directory: /home/cosmos/alphazero-multi-game/build/tests
"IGameStateTest.InitialState" start time: Apr 30 09:46 KST
Output:
----------------------------------------------------------
Running main() from ./googletest/src/gtest_main.cc
Note: Google Test filter = IGameStateTest.InitialState
[==========] Running 1 test from 1 test suite.
[----------] Global test environment set-up.
[----------] 1 test from IGameStateTest
[ RUN      ] IGameStateTest.InitialState
[       OK ] IGameStateTest.InitialState (0 ms)
[----------] 1 test from IGameStateTest (0 ms total)

[----------] Global test environment tear-down
[==========] 1 test from 1 test suite ran. (0 ms total)
[  PASSED  ] 1 test.
<end of output>
Test time =   0.37 sec
----------------------------------------------------------
Test Passed.
"IGameStateTest.InitialState" end time: Apr 30 09:46 KST
"IGameStateTest.InitialState" time elapsed: 00:00:00
----------------------------------------------------------

9/134 Testing: IGameStateTest.GetLegalMoves
9/134 Test: IGameStateTest.GetLegalMoves
Command: "/home/cosmos/alphazero-multi-game/build/tests/core_tests" "--gtest_filter=IGameStateTest.GetLegalMoves" "--gtest_also_run_disabled_tests"
Directory: /home/cosmos/alphazero-multi-game/build/tests
"IGameStateTest.GetLegalMoves" start time: Apr 30 09:46 KST
Output:
----------------------------------------------------------
Running main() from ./googletest/src/gtest_main.cc
Note: Google Test filter = IGameStateTest.GetLegalMoves
[==========] Running 1 test from 1 test suite.
[----------] Global test environment set-up.
[----------] 1 test from IGameStateTest
[ RUN      ] IGameStateTest.GetLegalMoves
[       OK ] IGameStateTest.GetLegalMoves (0 ms)
[----------] 1 test from IGameStateTest (0 ms total)

[----------] Global test environment tear-down
[==========] 1 test from 1 test suite ran. (0 ms total)
[  PASSED  ] 1 test.
<end of output>
Test time =   0.32 sec
----------------------------------------------------------
Test Passed.
"IGameStateTest.GetLegalMoves" end time: Apr 30 09:46 KST
"IGameStateTest.GetLegalMoves" time elapsed: 00:00:00
----------------------------------------------------------

10/134 Testing: IGameStateTest.MakeMove
10/134 Test: IGameStateTest.MakeMove
Command: "/home/cosmos/alphazero-multi-game/build/tests/core_tests" "--gtest_filter=IGameStateTest.MakeMove" "--gtest_also_run_disabled_tests"
Directory: /home/cosmos/alphazero-multi-game/build/tests
"IGameStateTest.MakeMove" start time: Apr 30 09:46 KST
Output:
----------------------------------------------------------
Running main() from ./googletest/src/gtest_main.cc
Note: Google Test filter = IGameStateTest.MakeMove
[==========] Running 1 test from 1 test suite.
[----------] Global test environment set-up.
[----------] 1 test from IGameStateTest
[ RUN      ] IGameStateTest.MakeMove
[       OK ] IGameStateTest.MakeMove (0 ms)
[----------] 1 test from IGameStateTest (0 ms total)

[----------] Global test environment tear-down
[==========] 1 test from 1 test suite ran. (0 ms total)
[  PASSED  ] 1 test.
<end of output>
Test time =   0.34 sec
----------------------------------------------------------
Test Passed.
"IGameStateTest.MakeMove" end time: Apr 30 09:46 KST
"IGameStateTest.MakeMove" time elapsed: 00:00:00
----------------------------------------------------------

11/134 Testing: IGameStateTest.UndoMove
11/134 Test: IGameStateTest.UndoMove
Command: "/home/cosmos/alphazero-multi-game/build/tests/core_tests" "--gtest_filter=IGameStateTest.UndoMove" "--gtest_also_run_disabled_tests"
Directory: /home/cosmos/alphazero-multi-game/build/tests
"IGameStateTest.UndoMove" start time: Apr 30 09:46 KST
Output:
----------------------------------------------------------
Running main() from ./googletest/src/gtest_main.cc
Note: Google Test filter = IGameStateTest.UndoMove
[==========] Running 1 test from 1 test suite.
[----------] Global test environment set-up.
[----------] 1 test from IGameStateTest
[ RUN      ] IGameStateTest.UndoMove
[       OK ] IGameStateTest.UndoMove (0 ms)
[----------] 1 test from IGameStateTest (0 ms total)

[----------] Global test environment tear-down
[==========] 1 test from 1 test suite ran. (0 ms total)
[  PASSED  ] 1 test.
<end of output>
Test time =   0.32 sec
----------------------------------------------------------
Test Passed.
"IGameStateTest.UndoMove" end time: Apr 30 09:46 KST
"IGameStateTest.UndoMove" time elapsed: 00:00:00
----------------------------------------------------------

12/134 Testing: IGameStateTest.CloneState
12/134 Test: IGameStateTest.CloneState
Command: "/home/cosmos/alphazero-multi-game/build/tests/core_tests" "--gtest_filter=IGameStateTest.CloneState" "--gtest_also_run_disabled_tests"
Directory: /home/cosmos/alphazero-multi-game/build/tests
"IGameStateTest.CloneState" start time: Apr 30 09:46 KST
Output:
----------------------------------------------------------
Running main() from ./googletest/src/gtest_main.cc
Note: Google Test filter = IGameStateTest.CloneState
[==========] Running 1 test from 1 test suite.
[----------] Global test environment set-up.
[----------] 1 test from IGameStateTest
[ RUN      ] IGameStateTest.CloneState
[       OK ] IGameStateTest.CloneState (0 ms)
[----------] 1 test from IGameStateTest (0 ms total)

[----------] Global test environment tear-down
[==========] 1 test from 1 test suite ran. (0 ms total)
[  PASSED  ] 1 test.
<end of output>
Test time =   0.36 sec
----------------------------------------------------------
Test Passed.
"IGameStateTest.CloneState" end time: Apr 30 09:46 KST
"IGameStateTest.CloneState" time elapsed: 00:00:00
----------------------------------------------------------

13/134 Testing: IGameStateTest.TensorRepresentation
13/134 Test: IGameStateTest.TensorRepresentation
Command: "/home/cosmos/alphazero-multi-game/build/tests/core_tests" "--gtest_filter=IGameStateTest.TensorRepresentation" "--gtest_also_run_disabled_tests"
Directory: /home/cosmos/alphazero-multi-game/build/tests
"IGameStateTest.TensorRepresentation" start time: Apr 30 09:46 KST
Output:
----------------------------------------------------------
Running main() from ./googletest/src/gtest_main.cc
Note: Google Test filter = IGameStateTest.TensorRepresentation
[==========] Running 1 test from 1 test suite.
[----------] Global test environment set-up.
[----------] 1 test from IGameStateTest
[ RUN      ] IGameStateTest.TensorRepresentation
[       OK ] IGameStateTest.TensorRepresentation (0 ms)
[----------] 1 test from IGameStateTest (0 ms total)

[----------] Global test environment tear-down
[==========] 1 test from 1 test suite ran. (0 ms total)
[  PASSED  ] 1 test.
<end of output>
Test time =   0.33 sec
----------------------------------------------------------
Test Passed.
"IGameStateTest.TensorRepresentation" end time: Apr 30 09:46 KST
"IGameStateTest.TensorRepresentation" time elapsed: 00:00:00
----------------------------------------------------------

14/134 Testing: ZobristHashTest.Initialization
14/134 Test: ZobristHashTest.Initialization
Command: "/home/cosmos/alphazero-multi-game/build/tests/core_tests" "--gtest_filter=ZobristHashTest.Initialization" "--gtest_also_run_disabled_tests"
Directory: /home/cosmos/alphazero-multi-game/build/tests
"ZobristHashTest.Initialization" start time: Apr 30 09:46 KST
Output:
----------------------------------------------------------
Running main() from ./googletest/src/gtest_main.cc
Note: Google Test filter = ZobristHashTest.Initialization
[==========] Running 1 test from 1 test suite.
[----------] Global test environment set-up.
[----------] 1 test from ZobristHashTest
[ RUN      ] ZobristHashTest.Initialization
[       OK ] ZobristHashTest.Initialization (0 ms)
[----------] 1 test from ZobristHashTest (0 ms total)

[----------] Global test environment tear-down
[==========] 1 test from 1 test suite ran. (0 ms total)
[  PASSED  ] 1 test.
<end of output>
Test time =   0.39 sec
----------------------------------------------------------
Test Passed.
"ZobristHashTest.Initialization" end time: Apr 30 09:46 KST
"ZobristHashTest.Initialization" time elapsed: 00:00:00
----------------------------------------------------------

15/134 Testing: ZobristHashTest.PieceHashing
15/134 Test: ZobristHashTest.PieceHashing
Command: "/home/cosmos/alphazero-multi-game/build/tests/core_tests" "--gtest_filter=ZobristHashTest.PieceHashing" "--gtest_also_run_disabled_tests"
Directory: /home/cosmos/alphazero-multi-game/build/tests
"ZobristHashTest.PieceHashing" start time: Apr 30 09:46 KST
Output:
----------------------------------------------------------
Running main() from ./googletest/src/gtest_main.cc
Note: Google Test filter = ZobristHashTest.PieceHashing
[==========] Running 1 test from 1 test suite.
[----------] Global test environment set-up.
[----------] 1 test from ZobristHashTest
[ RUN      ] ZobristHashTest.PieceHashing
[       OK ] ZobristHashTest.PieceHashing (0 ms)
[----------] 1 test from ZobristHashTest (0 ms total)

[----------] Global test environment tear-down
[==========] 1 test from 1 test suite ran. (0 ms total)
[  PASSED  ] 1 test.
<end of output>
Test time =   0.31 sec
----------------------------------------------------------
Test Passed.
"ZobristHashTest.PieceHashing" end time: Apr 30 09:46 KST
"ZobristHashTest.PieceHashing" time elapsed: 00:00:00
----------------------------------------------------------

16/134 Testing: ZobristHashTest.PlayerHashing
16/134 Test: ZobristHashTest.PlayerHashing
Command: "/home/cosmos/alphazero-multi-game/build/tests/core_tests" "--gtest_filter=ZobristHashTest.PlayerHashing" "--gtest_also_run_disabled_tests"
Directory: /home/cosmos/alphazero-multi-game/build/tests
"ZobristHashTest.PlayerHashing" start time: Apr 30 09:46 KST
Output:
----------------------------------------------------------
Running main() from ./googletest/src/gtest_main.cc
Note: Google Test filter = ZobristHashTest.PlayerHashing
[==========] Running 1 test from 1 test suite.
[----------] Global test environment set-up.
[----------] 1 test from ZobristHashTest
[ RUN      ] ZobristHashTest.PlayerHashing
[       OK ] ZobristHashTest.PlayerHashing (0 ms)
[----------] 1 test from ZobristHashTest (0 ms total)

[----------] Global test environment tear-down
[==========] 1 test from 1 test suite ran. (0 ms total)
[  PASSED  ] 1 test.
<end of output>
Test time =   0.33 sec
----------------------------------------------------------
Test Passed.
"ZobristHashTest.PlayerHashing" end time: Apr 30 09:46 KST
"ZobristHashTest.PlayerHashing" time elapsed: 00:00:00
----------------------------------------------------------

17/134 Testing: ZobristHashTest.FeatureHashing
17/134 Test: ZobristHashTest.FeatureHashing
Command: "/home/cosmos/alphazero-multi-game/build/tests/core_tests" "--gtest_filter=ZobristHashTest.FeatureHashing" "--gtest_also_run_disabled_tests"
Directory: /home/cosmos/alphazero-multi-game/build/tests
"ZobristHashTest.FeatureHashing" start time: Apr 30 09:46 KST
Output:
----------------------------------------------------------
Running main() from ./googletest/src/gtest_main.cc
Note: Google Test filter = ZobristHashTest.FeatureHashing
[==========] Running 1 test from 1 test suite.
[----------] Global test environment set-up.
[----------] 1 test from ZobristHashTest
[ RUN      ] ZobristHashTest.FeatureHashing
[       OK ] ZobristHashTest.FeatureHashing (0 ms)
[----------] 1 test from ZobristHashTest (0 ms total)

[----------] Global test environment tear-down
[==========] 1 test from 1 test suite ran. (0 ms total)
[  PASSED  ] 1 test.
<end of output>
Test time =   0.31 sec
----------------------------------------------------------
Test Passed.
"ZobristHashTest.FeatureHashing" end time: Apr 30 09:46 KST
"ZobristHashTest.FeatureHashing" time elapsed: 00:00:00
----------------------------------------------------------

18/134 Testing: ZobristHashTest.HashDistribution
18/134 Test: ZobristHashTest.HashDistribution
Command: "/home/cosmos/alphazero-multi-game/build/tests/core_tests" "--gtest_filter=ZobristHashTest.HashDistribution" "--gtest_also_run_disabled_tests"
Directory: /home/cosmos/alphazero-multi-game/build/tests
"ZobristHashTest.HashDistribution" start time: Apr 30 09:46 KST
Output:
----------------------------------------------------------
Running main() from ./googletest/src/gtest_main.cc
Note: Google Test filter = ZobristHashTest.HashDistribution
[==========] Running 1 test from 1 test suite.
[----------] Global test environment set-up.
[----------] 1 test from ZobristHashTest
[ RUN      ] ZobristHashTest.HashDistribution
[       OK ] ZobristHashTest.HashDistribution (0 ms)
[----------] 1 test from ZobristHashTest (0 ms total)

[----------] Global test environment tear-down
[==========] 1 test from 1 test suite ran. (0 ms total)
[  PASSED  ] 1 test.
<end of output>
Test time =   0.31 sec
----------------------------------------------------------
Test Passed.
"ZobristHashTest.HashDistribution" end time: Apr 30 09:46 KST
"ZobristHashTest.HashDistribution" time elapsed: 00:00:00
----------------------------------------------------------

19/134 Testing: ZobristHashTest.ErrorHandling
19/134 Test: ZobristHashTest.ErrorHandling
Command: "/home/cosmos/alphazero-multi-game/build/tests/core_tests" "--gtest_filter=ZobristHashTest.ErrorHandling" "--gtest_also_run_disabled_tests"
Directory: /home/cosmos/alphazero-multi-game/build/tests
"ZobristHashTest.ErrorHandling" start time: Apr 30 09:46 KST
Output:
----------------------------------------------------------
Running main() from ./googletest/src/gtest_main.cc
Note: Google Test filter = ZobristHashTest.ErrorHandling
[==========] Running 1 test from 1 test suite.
[----------] Global test environment set-up.
[----------] 1 test from ZobristHashTest
[ RUN      ] ZobristHashTest.ErrorHandling
[       OK ] ZobristHashTest.ErrorHandling (0 ms)
[----------] 1 test from ZobristHashTest (0 ms total)

[----------] Global test environment tear-down
[==========] 1 test from 1 test suite ran. (0 ms total)
[  PASSED  ] 1 test.
<end of output>
Test time =   0.33 sec
----------------------------------------------------------
Test Passed.
"ZobristHashTest.ErrorHandling" end time: Apr 30 09:46 KST
"ZobristHashTest.ErrorHandling" time elapsed: 00:00:00
----------------------------------------------------------

20/134 Testing: ZobristHashTest.DeterministicHashing
20/134 Test: ZobristHashTest.DeterministicHashing
Command: "/home/cosmos/alphazero-multi-game/build/tests/core_tests" "--gtest_filter=ZobristHashTest.DeterministicHashing" "--gtest_also_run_disabled_tests"
Directory: /home/cosmos/alphazero-multi-game/build/tests
"ZobristHashTest.DeterministicHashing" start time: Apr 30 09:46 KST
Output:
----------------------------------------------------------
Running main() from ./googletest/src/gtest_main.cc
Note: Google Test filter = ZobristHashTest.DeterministicHashing
[==========] Running 1 test from 1 test suite.
[----------] Global test environment set-up.
[----------] 1 test from ZobristHashTest
[ RUN      ] ZobristHashTest.DeterministicHashing
[       OK ] ZobristHashTest.DeterministicHashing (0 ms)
[----------] 1 test from ZobristHashTest (0 ms total)

[----------] Global test environment tear-down
[==========] 1 test from 1 test suite ran. (0 ms total)
[  PASSED  ] 1 test.
<end of output>
Test time =   0.31 sec
----------------------------------------------------------
Test Passed.
"ZobristHashTest.DeterministicHashing" end time: Apr 30 09:46 KST
"ZobristHashTest.DeterministicHashing" time elapsed: 00:00:00
----------------------------------------------------------

21/134 Testing: ChessStateTest.InitialState
21/134 Test: ChessStateTest.InitialState
Command: "/home/cosmos/alphazero-multi-game/build/tests/game_tests" "--gtest_filter=ChessStateTest.InitialState" "--gtest_also_run_disabled_tests"
Directory: /home/cosmos/alphazero-multi-game/build/tests
"ChessStateTest.InitialState" start time: Apr 30 09:46 KST
Output:
----------------------------------------------------------
Running main() from ./googletest/src/gtest_main.cc
Note: Google Test filter = ChessStateTest.InitialState
[==========] Running 1 test from 1 test suite.
[----------] Global test environment set-up.
[----------] 1 test from ChessStateTest
[ RUN      ] ChessStateTest.InitialState
[       OK ] ChessStateTest.InitialState (0 ms)
[----------] 1 test from ChessStateTest (0 ms total)

[----------] Global test environment tear-down
[==========] 1 test from 1 test suite ran. (0 ms total)
[  PASSED  ] 1 test.
<end of output>
Test time =   0.31 sec
----------------------------------------------------------
Test Passed.
"ChessStateTest.InitialState" end time: Apr 30 09:46 KST
"ChessStateTest.InitialState" time elapsed: 00:00:00
----------------------------------------------------------

22/134 Testing: ChessStateTest.MakeMove
22/134 Test: ChessStateTest.MakeMove
Command: "/home/cosmos/alphazero-multi-game/build/tests/game_tests" "--gtest_filter=ChessStateTest.MakeMove" "--gtest_also_run_disabled_tests"
Directory: /home/cosmos/alphazero-multi-game/build/tests
"ChessStateTest.MakeMove" start time: Apr 30 09:46 KST
Output:
----------------------------------------------------------
Running main() from ./googletest/src/gtest_main.cc
Note: Google Test filter = ChessStateTest.MakeMove
[==========] Running 1 test from 1 test suite.
[----------] Global test environment set-up.
[----------] 1 test from ChessStateTest
[ RUN      ] ChessStateTest.MakeMove
[       OK ] ChessStateTest.MakeMove (0 ms)
[----------] 1 test from ChessStateTest (0 ms total)

[----------] Global test environment tear-down
[==========] 1 test from 1 test suite ran. (0 ms total)
[  PASSED  ] 1 test.
<end of output>
Test time =   0.33 sec
----------------------------------------------------------
Test Passed.
"ChessStateTest.MakeMove" end time: Apr 30 09:46 KST
"ChessStateTest.MakeMove" time elapsed: 00:00:00
----------------------------------------------------------

23/134 Testing: ChessStateTest.CastlingMoves
23/134 Test: ChessStateTest.CastlingMoves
Command: "/home/cosmos/alphazero-multi-game/build/tests/game_tests" "--gtest_filter=ChessStateTest.CastlingMoves" "--gtest_also_run_disabled_tests"
Directory: /home/cosmos/alphazero-multi-game/build/tests
"ChessStateTest.CastlingMoves" start time: Apr 30 09:46 KST
Output:
----------------------------------------------------------
Running main() from ./googletest/src/gtest_main.cc
Note: Google Test filter = ChessStateTest.CastlingMoves
[==========] Running 1 test from 1 test suite.
[----------] Global test environment set-up.
[----------] 1 test from ChessStateTest
[ RUN      ] ChessStateTest.CastlingMoves
[       OK ] ChessStateTest.CastlingMoves (0 ms)
[----------] 1 test from ChessStateTest (0 ms total)

[----------] Global test environment tear-down
[==========] 1 test from 1 test suite ran. (0 ms total)
[  PASSED  ] 1 test.
<end of output>
Test time =   0.31 sec
----------------------------------------------------------
Test Passed.
"ChessStateTest.CastlingMoves" end time: Apr 30 09:46 KST
"ChessStateTest.CastlingMoves" time elapsed: 00:00:00
----------------------------------------------------------

24/134 Testing: ChessStateTest.EnPassantCapture
24/134 Test: ChessStateTest.EnPassantCapture
Command: "/home/cosmos/alphazero-multi-game/build/tests/game_tests" "--gtest_filter=ChessStateTest.EnPassantCapture" "--gtest_also_run_disabled_tests"
Directory: /home/cosmos/alphazero-multi-game/build/tests
"ChessStateTest.EnPassantCapture" start time: Apr 30 09:46 KST
Output:
----------------------------------------------------------
Running main() from ./googletest/src/gtest_main.cc
Note: Google Test filter = ChessStateTest.EnPassantCapture
[==========] Running 1 test from 1 test suite.
[----------] Global test environment set-up.
[----------] 1 test from ChessStateTest
[ RUN      ] ChessStateTest.EnPassantCapture
[       OK ] ChessStateTest.EnPassantCapture (0 ms)
[----------] 1 test from ChessStateTest (0 ms total)

[----------] Global test environment tear-down
[==========] 1 test from 1 test suite ran. (0 ms total)
[  PASSED  ] 1 test.
<end of output>
Test time =   0.31 sec
----------------------------------------------------------
Test Passed.
"ChessStateTest.EnPassantCapture" end time: Apr 30 09:46 KST
"ChessStateTest.EnPassantCapture" time elapsed: 00:00:00
----------------------------------------------------------

25/134 Testing: ChessStateTest.PawnPromotion
25/134 Test: ChessStateTest.PawnPromotion
Command: "/home/cosmos/alphazero-multi-game/build/tests/game_tests" "--gtest_filter=ChessStateTest.PawnPromotion" "--gtest_also_run_disabled_tests"
Directory: /home/cosmos/alphazero-multi-game/build/tests
"ChessStateTest.PawnPromotion" start time: Apr 30 09:46 KST
Output:
----------------------------------------------------------
Running main() from ./googletest/src/gtest_main.cc
Note: Google Test filter = ChessStateTest.PawnPromotion
[==========] Running 1 test from 1 test suite.
[----------] Global test environment set-up.
[----------] 1 test from ChessStateTest
[ RUN      ] ChessStateTest.PawnPromotion
[       OK ] ChessStateTest.PawnPromotion (0 ms)
[----------] 1 test from ChessStateTest (0 ms total)

[----------] Global test environment tear-down
[==========] 1 test from 1 test suite ran. (0 ms total)
[  PASSED  ] 1 test.
<end of output>
Test time =   0.31 sec
----------------------------------------------------------
Test Passed.
"ChessStateTest.PawnPromotion" end time: Apr 30 09:46 KST
"ChessStateTest.PawnPromotion" time elapsed: 00:00:00
----------------------------------------------------------

26/134 Testing: ChessStateTest.CheckAndCheckmate
26/134 Test: ChessStateTest.CheckAndCheckmate
Command: "/home/cosmos/alphazero-multi-game/build/tests/game_tests" "--gtest_filter=ChessStateTest.CheckAndCheckmate" "--gtest_also_run_disabled_tests"
Directory: /home/cosmos/alphazero-multi-game/build/tests
"ChessStateTest.CheckAndCheckmate" start time: Apr 30 09:46 KST
Output:
----------------------------------------------------------
Running main() from ./googletest/src/gtest_main.cc
Note: Google Test filter = ChessStateTest.CheckAndCheckmate
[==========] Running 1 test from 1 test suite.
[----------] Global test environment set-up.
[----------] 1 test from ChessStateTest
[ RUN      ] ChessStateTest.CheckAndCheckmate
[       OK ] ChessStateTest.CheckAndCheckmate (0 ms)
[----------] 1 test from ChessStateTest (0 ms total)

[----------] Global test environment tear-down
[==========] 1 test from 1 test suite ran. (0 ms total)
[  PASSED  ] 1 test.
<end of output>
Test time =   0.34 sec
----------------------------------------------------------
Test Passed.
"ChessStateTest.CheckAndCheckmate" end time: Apr 30 09:46 KST
"ChessStateTest.CheckAndCheckmate" time elapsed: 00:00:00
----------------------------------------------------------

27/134 Testing: ChessStateTest.DrawConditions
27/134 Test: ChessStateTest.DrawConditions
Command: "/home/cosmos/alphazero-multi-game/build/tests/game_tests" "--gtest_filter=ChessStateTest.DrawConditions" "--gtest_also_run_disabled_tests"
Directory: /home/cosmos/alphazero-multi-game/build/tests
"ChessStateTest.DrawConditions" start time: Apr 30 09:46 KST
Output:
----------------------------------------------------------
Running main() from ./googletest/src/gtest_main.cc
Note: Google Test filter = ChessStateTest.DrawConditions
[==========] Running 1 test from 1 test suite.
[----------] Global test environment set-up.
[----------] 1 test from ChessStateTest
[ RUN      ] ChessStateTest.DrawConditions
[       OK ] ChessStateTest.DrawConditions (0 ms)
[----------] 1 test from ChessStateTest (0 ms total)

[----------] Global test environment tear-down
[==========] 1 test from 1 test suite ran. (0 ms total)
[  PASSED  ] 1 test.
<end of output>
Test time =   0.32 sec
----------------------------------------------------------
Test Passed.
"ChessStateTest.DrawConditions" end time: Apr 30 09:46 KST
"ChessStateTest.DrawConditions" time elapsed: 00:00:00
----------------------------------------------------------

28/134 Testing: ChessStateTest.FENConversion
28/134 Test: ChessStateTest.FENConversion
Command: "/home/cosmos/alphazero-multi-game/build/tests/game_tests" "--gtest_filter=ChessStateTest.FENConversion" "--gtest_also_run_disabled_tests"
Directory: /home/cosmos/alphazero-multi-game/build/tests
"ChessStateTest.FENConversion" start time: Apr 30 09:46 KST
Output:
----------------------------------------------------------
Running main() from ./googletest/src/gtest_main.cc
Note: Google Test filter = ChessStateTest.FENConversion
[==========] Running 1 test from 1 test suite.
[----------] Global test environment set-up.
[----------] 1 test from ChessStateTest
[ RUN      ] ChessStateTest.FENConversion
[       OK ] ChessStateTest.FENConversion (0 ms)
[----------] 1 test from ChessStateTest (0 ms total)

[----------] Global test environment tear-down
[==========] 1 test from 1 test suite ran. (0 ms total)
[  PASSED  ] 1 test.
<end of output>
Test time =   0.32 sec
----------------------------------------------------------
Test Passed.
"ChessStateTest.FENConversion" end time: Apr 30 09:46 KST
"ChessStateTest.FENConversion" time elapsed: 00:00:00
----------------------------------------------------------

29/134 Testing: ChessStateTest.MoveStringConversion
29/134 Test: ChessStateTest.MoveStringConversion
Command: "/home/cosmos/alphazero-multi-game/build/tests/game_tests" "--gtest_filter=ChessStateTest.MoveStringConversion" "--gtest_also_run_disabled_tests"
Directory: /home/cosmos/alphazero-multi-game/build/tests
"ChessStateTest.MoveStringConversion" start time: Apr 30 09:46 KST
Output:
----------------------------------------------------------
Running main() from ./googletest/src/gtest_main.cc
Note: Google Test filter = ChessStateTest.MoveStringConversion
[==========] Running 1 test from 1 test suite.
[----------] Global test environment set-up.
[----------] 1 test from ChessStateTest
[ RUN      ] ChessStateTest.MoveStringConversion
[       OK ] ChessStateTest.MoveStringConversion (0 ms)
[----------] 1 test from ChessStateTest (0 ms total)

[----------] Global test environment tear-down
[==========] 1 test from 1 test suite ran. (0 ms total)
[  PASSED  ] 1 test.
<end of output>
Test time =   0.31 sec
----------------------------------------------------------
Test Passed.
"ChessStateTest.MoveStringConversion" end time: Apr 30 09:46 KST
"ChessStateTest.MoveStringConversion" time elapsed: 00:00:00
----------------------------------------------------------

30/134 Testing: ChessStateTest.Chess960Mode
30/134 Test: ChessStateTest.Chess960Mode
Command: "/home/cosmos/alphazero-multi-game/build/tests/game_tests" "--gtest_filter=ChessStateTest.Chess960Mode" "--gtest_also_run_disabled_tests"
Directory: /home/cosmos/alphazero-multi-game/build/tests
"ChessStateTest.Chess960Mode" start time: Apr 30 09:46 KST
Output:
----------------------------------------------------------
Running main() from ./googletest/src/gtest_main.cc
Note: Google Test filter = ChessStateTest.Chess960Mode
[==========] Running 1 test from 1 test suite.
[----------] Global test environment set-up.
[----------] 1 test from ChessStateTest
[ RUN      ] ChessStateTest.Chess960Mode
[       OK ] ChessStateTest.Chess960Mode (0 ms)
[----------] 1 test from ChessStateTest (0 ms total)

[----------] Global test environment tear-down
[==========] 1 test from 1 test suite ran. (0 ms total)
[  PASSED  ] 1 test.
<end of output>
Test time =   0.32 sec
----------------------------------------------------------
Test Passed.
"ChessStateTest.Chess960Mode" end time: Apr 30 09:46 KST
"ChessStateTest.Chess960Mode" time elapsed: 00:00:00
----------------------------------------------------------

31/134 Testing: ChessStateTest.UndoMove
31/134 Test: ChessStateTest.UndoMove
Command: "/home/cosmos/alphazero-multi-game/build/tests/game_tests" "--gtest_filter=ChessStateTest.UndoMove" "--gtest_also_run_disabled_tests"
Directory: /home/cosmos/alphazero-multi-game/build/tests
"ChessStateTest.UndoMove" start time: Apr 30 09:46 KST
Output:
----------------------------------------------------------
Running main() from ./googletest/src/gtest_main.cc
Note: Google Test filter = ChessStateTest.UndoMove
[==========] Running 1 test from 1 test suite.
[----------] Global test environment set-up.
[----------] 1 test from ChessStateTest
[ RUN      ] ChessStateTest.UndoMove
[       OK ] ChessStateTest.UndoMove (0 ms)
[----------] 1 test from ChessStateTest (0 ms total)

[----------] Global test environment tear-down
[==========] 1 test from 1 test suite ran. (0 ms total)
[  PASSED  ] 1 test.
<end of output>
Test time =   0.32 sec
----------------------------------------------------------
Test Passed.
"ChessStateTest.UndoMove" end time: Apr 30 09:46 KST
"ChessStateTest.UndoMove" time elapsed: 00:00:00
----------------------------------------------------------

32/134 Testing: ChessStateTest.CloneAndEquals
32/134 Test: ChessStateTest.CloneAndEquals
Command: "/home/cosmos/alphazero-multi-game/build/tests/game_tests" "--gtest_filter=ChessStateTest.CloneAndEquals" "--gtest_also_run_disabled_tests"
Directory: /home/cosmos/alphazero-multi-game/build/tests
"ChessStateTest.CloneAndEquals" start time: Apr 30 09:46 KST
Output:
----------------------------------------------------------
Running main() from ./googletest/src/gtest_main.cc
Note: Google Test filter = ChessStateTest.CloneAndEquals
[==========] Running 1 test from 1 test suite.
[----------] Global test environment set-up.
[----------] 1 test from ChessStateTest
[ RUN      ] ChessStateTest.CloneAndEquals
[       OK ] ChessStateTest.CloneAndEquals (0 ms)
[----------] 1 test from ChessStateTest (0 ms total)

[----------] Global test environment tear-down
[==========] 1 test from 1 test suite ran. (0 ms total)
[  PASSED  ] 1 test.
<end of output>
Test time =   0.31 sec
----------------------------------------------------------
Test Passed.
"ChessStateTest.CloneAndEquals" end time: Apr 30 09:46 KST
"ChessStateTest.CloneAndEquals" time elapsed: 00:00:00
----------------------------------------------------------

33/134 Testing: GoStateTest.InitialState
33/134 Test: GoStateTest.InitialState
Command: "/home/cosmos/alphazero-multi-game/build/tests/game_tests" "--gtest_filter=GoStateTest.InitialState" "--gtest_also_run_disabled_tests"
Directory: /home/cosmos/alphazero-multi-game/build/tests
"GoStateTest.InitialState" start time: Apr 30 09:46 KST
Output:
----------------------------------------------------------
Running main() from ./googletest/src/gtest_main.cc
Note: Google Test filter = GoStateTest.InitialState
[==========] Running 1 test from 1 test suite.
[----------] Global test environment set-up.
[----------] 1 test from GoStateTest
[ RUN      ] GoStateTest.InitialState
[       OK ] GoStateTest.InitialState (0 ms)
[----------] 1 test from GoStateTest (0 ms total)

[----------] Global test environment tear-down
[==========] 1 test from 1 test suite ran. (0 ms total)
[  PASSED  ] 1 test.
<end of output>
Test time =   0.33 sec
----------------------------------------------------------
Test Passed.
"GoStateTest.InitialState" end time: Apr 30 09:46 KST
"GoStateTest.InitialState" time elapsed: 00:00:00
----------------------------------------------------------

34/134 Testing: GoStateTest.MakeMove
34/134 Test: GoStateTest.MakeMove
Command: "/home/cosmos/alphazero-multi-game/build/tests/game_tests" "--gtest_filter=GoStateTest.MakeMove" "--gtest_also_run_disabled_tests"
Directory: /home/cosmos/alphazero-multi-game/build/tests
"GoStateTest.MakeMove" start time: Apr 30 09:46 KST
Output:
----------------------------------------------------------
Running main() from ./googletest/src/gtest_main.cc
Note: Google Test filter = GoStateTest.MakeMove
[==========] Running 1 test from 1 test suite.
[----------] Global test environment set-up.
[----------] 1 test from GoStateTest
[ RUN      ] GoStateTest.MakeMove
[       OK ] GoStateTest.MakeMove (0 ms)
[----------] 1 test from GoStateTest (0 ms total)

[----------] Global test environment tear-down
[==========] 1 test from 1 test suite ran. (0 ms total)
[  PASSED  ] 1 test.
<end of output>
Test time =   0.36 sec
----------------------------------------------------------
Test Passed.
"GoStateTest.MakeMove" end time: Apr 30 09:46 KST
"GoStateTest.MakeMove" time elapsed: 00:00:00
----------------------------------------------------------

35/134 Testing: GoStateTest.PassMove
35/134 Test: GoStateTest.PassMove
Command: "/home/cosmos/alphazero-multi-game/build/tests/game_tests" "--gtest_filter=GoStateTest.PassMove" "--gtest_also_run_disabled_tests"
Directory: /home/cosmos/alphazero-multi-game/build/tests
"GoStateTest.PassMove" start time: Apr 30 09:46 KST
Output:
----------------------------------------------------------
Running main() from ./googletest/src/gtest_main.cc
Note: Google Test filter = GoStateTest.PassMove
[==========] Running 1 test from 1 test suite.
[----------] Global test environment set-up.
[----------] 1 test from GoStateTest
[ RUN      ] GoStateTest.PassMove
[       OK ] GoStateTest.PassMove (0 ms)
[----------] 1 test from GoStateTest (0 ms total)

[----------] Global test environment tear-down
[==========] 1 test from 1 test suite ran. (0 ms total)
[  PASSED  ] 1 test.
<end of output>
Test time =   0.31 sec
----------------------------------------------------------
Test Passed.
"GoStateTest.PassMove" end time: Apr 30 09:46 KST
"GoStateTest.PassMove" time elapsed: 00:00:00
----------------------------------------------------------

36/134 Testing: GoStateTest.CaptureStones
36/134 Test: GoStateTest.CaptureStones
Command: "/home/cosmos/alphazero-multi-game/build/tests/game_tests" "--gtest_filter=GoStateTest.CaptureStones" "--gtest_also_run_disabled_tests"
Directory: /home/cosmos/alphazero-multi-game/build/tests
"GoStateTest.CaptureStones" start time: Apr 30 09:46 KST
Output:
----------------------------------------------------------
Running main() from ./googletest/src/gtest_main.cc
Note: Google Test filter = GoStateTest.CaptureStones
[==========] Running 1 test from 1 test suite.
[----------] Global test environment set-up.
[----------] 1 test from GoStateTest
[ RUN      ] GoStateTest.CaptureStones
[       OK ] GoStateTest.CaptureStones (0 ms)
[----------] 1 test from GoStateTest (0 ms total)

[----------] Global test environment tear-down
[==========] 1 test from 1 test suite ran. (0 ms total)
[  PASSED  ] 1 test.
<end of output>
Test time =   0.32 sec
----------------------------------------------------------
Test Passed.
"GoStateTest.CaptureStones" end time: Apr 30 09:46 KST
"GoStateTest.CaptureStones" time elapsed: 00:00:00
----------------------------------------------------------

37/134 Testing: GoStateTest.IllegalMoves
37/134 Test: GoStateTest.IllegalMoves
Command: "/home/cosmos/alphazero-multi-game/build/tests/game_tests" "--gtest_filter=GoStateTest.IllegalMoves" "--gtest_also_run_disabled_tests"
Directory: /home/cosmos/alphazero-multi-game/build/tests
"GoStateTest.IllegalMoves" start time: Apr 30 09:46 KST
Output:
----------------------------------------------------------
Running main() from ./googletest/src/gtest_main.cc
Note: Google Test filter = GoStateTest.IllegalMoves
[==========] Running 1 test from 1 test suite.
[----------] Global test environment set-up.
[----------] 1 test from GoStateTest
[ RUN      ] GoStateTest.IllegalMoves
[       OK ] GoStateTest.IllegalMoves (0 ms)
[----------] 1 test from GoStateTest (0 ms total)

[----------] Global test environment tear-down
[==========] 1 test from 1 test suite ran. (0 ms total)
[  PASSED  ] 1 test.
<end of output>
Test time =   0.31 sec
----------------------------------------------------------
Test Passed.
"GoStateTest.IllegalMoves" end time: Apr 30 09:46 KST
"GoStateTest.IllegalMoves" time elapsed: 00:00:00
----------------------------------------------------------

38/134 Testing: GoStateTest.KoRule
38/134 Test: GoStateTest.KoRule
Command: "/home/cosmos/alphazero-multi-game/build/tests/game_tests" "--gtest_filter=GoStateTest.KoRule" "--gtest_also_run_disabled_tests"
Directory: /home/cosmos/alphazero-multi-game/build/tests
"GoStateTest.KoRule" start time: Apr 30 09:46 KST
Output:
----------------------------------------------------------
Running main() from ./googletest/src/gtest_main.cc
Note: Google Test filter = GoStateTest.KoRule
[==========] Running 1 test from 1 test suite.
[----------] Global test environment set-up.
[----------] 1 test from GoStateTest
[ RUN      ] GoStateTest.KoRule
[       OK ] GoStateTest.KoRule (0 ms)
[----------] 1 test from GoStateTest (0 ms total)

[----------] Global test environment tear-down
[==========] 1 test from 1 test suite ran. (0 ms total)
[  PASSED  ] 1 test.
<end of output>
Test time =   0.36 sec
----------------------------------------------------------
Test Passed.
"GoStateTest.KoRule" end time: Apr 30 09:46 KST
"GoStateTest.KoRule" time elapsed: 00:00:00
----------------------------------------------------------

39/134 Testing: GoStateTest.Scoring
39/134 Test: GoStateTest.Scoring
Command: "/home/cosmos/alphazero-multi-game/build/tests/game_tests" "--gtest_filter=GoStateTest.Scoring" "--gtest_also_run_disabled_tests"
Directory: /home/cosmos/alphazero-multi-game/build/tests
"GoStateTest.Scoring" start time: Apr 30 09:46 KST
Output:
----------------------------------------------------------
Running main() from ./googletest/src/gtest_main.cc
Note: Google Test filter = GoStateTest.Scoring
[==========] Running 1 test from 1 test suite.
[----------] Global test environment set-up.
[----------] 1 test from GoStateTest
[ RUN      ] GoStateTest.Scoring
[       OK ] GoStateTest.Scoring (0 ms)
[----------] 1 test from GoStateTest (0 ms total)

[----------] Global test environment tear-down
[==========] 1 test from 1 test suite ran. (0 ms total)
[  PASSED  ] 1 test.
<end of output>
Test time =   0.33 sec
----------------------------------------------------------
Test Passed.
"GoStateTest.Scoring" end time: Apr 30 09:46 KST
"GoStateTest.Scoring" time elapsed: 00:00:00
----------------------------------------------------------

40/134 Testing: GoStateTest.UndoMove
40/134 Test: GoStateTest.UndoMove
Command: "/home/cosmos/alphazero-multi-game/build/tests/game_tests" "--gtest_filter=GoStateTest.UndoMove" "--gtest_also_run_disabled_tests"
Directory: /home/cosmos/alphazero-multi-game/build/tests
"GoStateTest.UndoMove" start time: Apr 30 09:46 KST
Output:
----------------------------------------------------------
Running main() from ./googletest/src/gtest_main.cc
Note: Google Test filter = GoStateTest.UndoMove
[==========] Running 1 test from 1 test suite.
[----------] Global test environment set-up.
[----------] 1 test from GoStateTest
[ RUN      ] GoStateTest.UndoMove
[       OK ] GoStateTest.UndoMove (0 ms)
[----------] 1 test from GoStateTest (0 ms total)

[----------] Global test environment tear-down
[==========] 1 test from 1 test suite ran. (0 ms total)
[  PASSED  ] 1 test.
<end of output>
Test time =   0.32 sec
----------------------------------------------------------
Test Passed.
"GoStateTest.UndoMove" end time: Apr 30 09:46 KST
"GoStateTest.UndoMove" time elapsed: 00:00:00
----------------------------------------------------------

41/134 Testing: GoStateTest.StringRepresentation
41/134 Test: GoStateTest.StringRepresentation
Command: "/home/cosmos/alphazero-multi-game/build/tests/game_tests" "--gtest_filter=GoStateTest.StringRepresentation" "--gtest_also_run_disabled_tests"
Directory: /home/cosmos/alphazero-multi-game/build/tests
"GoStateTest.StringRepresentation" start time: Apr 30 09:46 KST
Output:
----------------------------------------------------------
Running main() from ./googletest/src/gtest_main.cc
Note: Google Test filter = GoStateTest.StringRepresentation
[==========] Running 1 test from 1 test suite.
[----------] Global test environment set-up.
[----------] 1 test from GoStateTest
[ RUN      ] GoStateTest.StringRepresentation
[       OK ] GoStateTest.StringRepresentation (0 ms)
[----------] 1 test from GoStateTest (0 ms total)

[----------] Global test environment tear-down
[==========] 1 test from 1 test suite ran. (0 ms total)
[  PASSED  ] 1 test.
<end of output>
Test time =   0.34 sec
----------------------------------------------------------
Test Passed.
"GoStateTest.StringRepresentation" end time: Apr 30 09:46 KST
"GoStateTest.StringRepresentation" time elapsed: 00:00:00
----------------------------------------------------------

42/134 Testing: GoStateTest.ActionStringConversion
42/134 Test: GoStateTest.ActionStringConversion
Command: "/home/cosmos/alphazero-multi-game/build/tests/game_tests" "--gtest_filter=GoStateTest.ActionStringConversion" "--gtest_also_run_disabled_tests"
Directory: /home/cosmos/alphazero-multi-game/build/tests
"GoStateTest.ActionStringConversion" start time: Apr 30 09:46 KST
Output:
----------------------------------------------------------
Running main() from ./googletest/src/gtest_main.cc
Note: Google Test filter = GoStateTest.ActionStringConversion
[==========] Running 1 test from 1 test suite.
[----------] Global test environment set-up.
[----------] 1 test from GoStateTest
[ RUN      ] GoStateTest.ActionStringConversion
[       OK ] GoStateTest.ActionStringConversion (0 ms)
[----------] 1 test from GoStateTest (0 ms total)

[----------] Global test environment tear-down
[==========] 1 test from 1 test suite ran. (0 ms total)
[  PASSED  ] 1 test.
<end of output>
Test time =   0.33 sec
----------------------------------------------------------
Test Passed.
"GoStateTest.ActionStringConversion" end time: Apr 30 09:46 KST
"GoStateTest.ActionStringConversion" time elapsed: 00:00:00
----------------------------------------------------------

43/134 Testing: GoStateTest.Clone
43/134 Test: GoStateTest.Clone
Command: "/home/cosmos/alphazero-multi-game/build/tests/game_tests" "--gtest_filter=GoStateTest.Clone" "--gtest_also_run_disabled_tests"
Directory: /home/cosmos/alphazero-multi-game/build/tests
"GoStateTest.Clone" start time: Apr 30 09:46 KST
Output:
----------------------------------------------------------
Running main() from ./googletest/src/gtest_main.cc
Note: Google Test filter = GoStateTest.Clone
[==========] Running 1 test from 1 test suite.
[----------] Global test environment set-up.
[----------] 1 test from GoStateTest
[ RUN      ] GoStateTest.Clone
[       OK ] GoStateTest.Clone (0 ms)
[----------] 1 test from GoStateTest (0 ms total)

[----------] Global test environment tear-down
[==========] 1 test from 1 test suite ran. (0 ms total)
[  PASSED  ] 1 test.
<end of output>
Test time =   0.33 sec
----------------------------------------------------------
Test Passed.
"GoStateTest.Clone" end time: Apr 30 09:46 KST
"GoStateTest.Clone" time elapsed: 00:00:00
----------------------------------------------------------

44/134 Testing: GomokuStateTest.InitialState
44/134 Test: GomokuStateTest.InitialState
Command: "/home/cosmos/alphazero-multi-game/build/tests/game_tests" "--gtest_filter=GomokuStateTest.InitialState" "--gtest_also_run_disabled_tests"
Directory: /home/cosmos/alphazero-multi-game/build/tests
"GomokuStateTest.InitialState" start time: Apr 30 09:46 KST
Output:
----------------------------------------------------------
Running main() from ./googletest/src/gtest_main.cc
Note: Google Test filter = GomokuStateTest.InitialState
[==========] Running 1 test from 1 test suite.
[----------] Global test environment set-up.
[----------] 1 test from GomokuStateTest
[ RUN      ] GomokuStateTest.InitialState
[       OK ] GomokuStateTest.InitialState (0 ms)
[----------] 1 test from GomokuStateTest (0 ms total)

[----------] Global test environment tear-down
[==========] 1 test from 1 test suite ran. (0 ms total)
[  PASSED  ] 1 test.
<end of output>
Test time =   0.36 sec
----------------------------------------------------------
Test Passed.
"GomokuStateTest.InitialState" end time: Apr 30 09:46 KST
"GomokuStateTest.InitialState" time elapsed: 00:00:00
----------------------------------------------------------

45/134 Testing: GomokuStateTest.MakeMove
45/134 Test: GomokuStateTest.MakeMove
Command: "/home/cosmos/alphazero-multi-game/build/tests/game_tests" "--gtest_filter=GomokuStateTest.MakeMove" "--gtest_also_run_disabled_tests"
Directory: /home/cosmos/alphazero-multi-game/build/tests
"GomokuStateTest.MakeMove" start time: Apr 30 09:46 KST
Output:
----------------------------------------------------------
Running main() from ./googletest/src/gtest_main.cc
Note: Google Test filter = GomokuStateTest.MakeMove
[==========] Running 1 test from 1 test suite.
[----------] Global test environment set-up.
[----------] 1 test from GomokuStateTest
[ RUN      ] GomokuStateTest.MakeMove
[       OK ] GomokuStateTest.MakeMove (0 ms)
[----------] 1 test from GomokuStateTest (0 ms total)

[----------] Global test environment tear-down
[==========] 1 test from 1 test suite ran. (0 ms total)
[  PASSED  ] 1 test.
<end of output>
Test time =   0.31 sec
----------------------------------------------------------
Test Passed.
"GomokuStateTest.MakeMove" end time: Apr 30 09:46 KST
"GomokuStateTest.MakeMove" time elapsed: 00:00:00
----------------------------------------------------------

46/134 Testing: GomokuStateTest.UndoMove
46/134 Test: GomokuStateTest.UndoMove
Command: "/home/cosmos/alphazero-multi-game/build/tests/game_tests" "--gtest_filter=GomokuStateTest.UndoMove" "--gtest_also_run_disabled_tests"
Directory: /home/cosmos/alphazero-multi-game/build/tests
"GomokuStateTest.UndoMove" start time: Apr 30 09:46 KST
Output:
----------------------------------------------------------
Running main() from ./googletest/src/gtest_main.cc
Note: Google Test filter = GomokuStateTest.UndoMove
[==========] Running 1 test from 1 test suite.
[----------] Global test environment set-up.
[----------] 1 test from GomokuStateTest
[ RUN      ] GomokuStateTest.UndoMove
[       OK ] GomokuStateTest.UndoMove (0 ms)
[----------] 1 test from GomokuStateTest (0 ms total)

[----------] Global test environment tear-down
[==========] 1 test from 1 test suite ran. (0 ms total)
[  PASSED  ] 1 test.
<end of output>
Test time =   0.33 sec
----------------------------------------------------------
Test Passed.
"GomokuStateTest.UndoMove" end time: Apr 30 09:46 KST
"GomokuStateTest.UndoMove" time elapsed: 00:00:00
----------------------------------------------------------

47/134 Testing: GomokuStateTest.CheckWin
47/134 Test: GomokuStateTest.CheckWin
Command: "/home/cosmos/alphazero-multi-game/build/tests/game_tests" "--gtest_filter=GomokuStateTest.CheckWin" "--gtest_also_run_disabled_tests"
Directory: /home/cosmos/alphazero-multi-game/build/tests
"GomokuStateTest.CheckWin" start time: Apr 30 09:46 KST
Output:
----------------------------------------------------------
Running main() from ./googletest/src/gtest_main.cc
Note: Google Test filter = GomokuStateTest.CheckWin
[==========] Running 1 test from 1 test suite.
[----------] Global test environment set-up.
[----------] 1 test from GomokuStateTest
[ RUN      ] GomokuStateTest.CheckWin
[       OK ] GomokuStateTest.CheckWin (0 ms)
[----------] 1 test from GomokuStateTest (0 ms total)

[----------] Global test environment tear-down
[==========] 1 test from 1 test suite ran. (0 ms total)
[  PASSED  ] 1 test.
<end of output>
Test time =   0.31 sec
----------------------------------------------------------
Test Passed.
"GomokuStateTest.CheckWin" end time: Apr 30 09:46 KST
"GomokuStateTest.CheckWin" time elapsed: 00:00:00
----------------------------------------------------------

48/134 Testing: GomokuStateTest.IllegalMoves
48/134 Test: GomokuStateTest.IllegalMoves
Command: "/home/cosmos/alphazero-multi-game/build/tests/game_tests" "--gtest_filter=GomokuStateTest.IllegalMoves" "--gtest_also_run_disabled_tests"
Directory: /home/cosmos/alphazero-multi-game/build/tests
"GomokuStateTest.IllegalMoves" start time: Apr 30 09:46 KST
Output:
----------------------------------------------------------
Running main() from ./googletest/src/gtest_main.cc
Note: Google Test filter = GomokuStateTest.IllegalMoves
[==========] Running 1 test from 1 test suite.
[----------] Global test environment set-up.
[----------] 1 test from GomokuStateTest
[ RUN      ] GomokuStateTest.IllegalMoves
[       OK ] GomokuStateTest.IllegalMoves (0 ms)
[----------] 1 test from GomokuStateTest (0 ms total)

[----------] Global test environment tear-down
[==========] 1 test from 1 test suite ran. (0 ms total)
[  PASSED  ] 1 test.
<end of output>
Test time =   0.41 sec
----------------------------------------------------------
Test Passed.
"GomokuStateTest.IllegalMoves" end time: Apr 30 09:46 KST
"GomokuStateTest.IllegalMoves" time elapsed: 00:00:00
----------------------------------------------------------

49/134 Testing: GomokuStateTest.GetLegalMoves
49/134 Test: GomokuStateTest.GetLegalMoves
Command: "/home/cosmos/alphazero-multi-game/build/tests/game_tests" "--gtest_filter=GomokuStateTest.GetLegalMoves" "--gtest_also_run_disabled_tests"
Directory: /home/cosmos/alphazero-multi-game/build/tests
"GomokuStateTest.GetLegalMoves" start time: Apr 30 09:46 KST
Output:
----------------------------------------------------------
Running main() from ./googletest/src/gtest_main.cc
Note: Google Test filter = GomokuStateTest.GetLegalMoves
[==========] Running 1 test from 1 test suite.
[----------] Global test environment set-up.
[----------] 1 test from GomokuStateTest
[ RUN      ] GomokuStateTest.GetLegalMoves
[       OK ] GomokuStateTest.GetLegalMoves (0 ms)
[----------] 1 test from GomokuStateTest (0 ms total)

[----------] Global test environment tear-down
[==========] 1 test from 1 test suite ran. (0 ms total)
[  PASSED  ] 1 test.
<end of output>
Test time =   0.40 sec
----------------------------------------------------------
Test Passed.
"GomokuStateTest.GetLegalMoves" end time: Apr 30 09:46 KST
"GomokuStateTest.GetLegalMoves" time elapsed: 00:00:00
----------------------------------------------------------

50/134 Testing: GomokuStateTest.RenjuRules
50/134 Test: GomokuStateTest.RenjuRules
Command: "/home/cosmos/alphazero-multi-game/build/tests/game_tests" "--gtest_filter=GomokuStateTest.RenjuRules" "--gtest_also_run_disabled_tests"
Directory: /home/cosmos/alphazero-multi-game/build/tests
"GomokuStateTest.RenjuRules" start time: Apr 30 09:46 KST
Output:
----------------------------------------------------------
Running main() from ./googletest/src/gtest_main.cc
Note: Google Test filter = GomokuStateTest.RenjuRules
[==========] Running 1 test from 1 test suite.
[----------] Global test environment set-up.
[----------] 1 test from GomokuStateTest
[ RUN      ] GomokuStateTest.RenjuRules
[       OK ] GomokuStateTest.RenjuRules (0 ms)
[----------] 1 test from GomokuStateTest (0 ms total)

[----------] Global test environment tear-down
[==========] 1 test from 1 test suite ran. (0 ms total)
[  PASSED  ] 1 test.
<end of output>
Test time =   0.31 sec
----------------------------------------------------------
Test Passed.
"GomokuStateTest.RenjuRules" end time: Apr 30 09:46 KST
"GomokuStateTest.RenjuRules" time elapsed: 00:00:00
----------------------------------------------------------

51/134 Testing: GomokuStateTest.Clone
51/134 Test: GomokuStateTest.Clone
Command: "/home/cosmos/alphazero-multi-game/build/tests/game_tests" "--gtest_filter=GomokuStateTest.Clone" "--gtest_also_run_disabled_tests"
Directory: /home/cosmos/alphazero-multi-game/build/tests
"GomokuStateTest.Clone" start time: Apr 30 09:46 KST
Output:
----------------------------------------------------------
Running main() from ./googletest/src/gtest_main.cc
Note: Google Test filter = GomokuStateTest.Clone
[==========] Running 1 test from 1 test suite.
[----------] Global test environment set-up.
[----------] 1 test from GomokuStateTest
[ RUN      ] GomokuStateTest.Clone
[       OK ] GomokuStateTest.Clone (0 ms)
[----------] 1 test from GomokuStateTest (0 ms total)

[----------] Global test environment tear-down
[==========] 1 test from 1 test suite ran. (0 ms total)
[  PASSED  ] 1 test.
<end of output>
Test time =   0.30 sec
----------------------------------------------------------
Test Passed.
"GomokuStateTest.Clone" end time: Apr 30 09:46 KST
"GomokuStateTest.Clone" time elapsed: 00:00:00
----------------------------------------------------------

52/134 Testing: GomokuStateTest.TestHash
52/134 Test: GomokuStateTest.TestHash
Command: "/home/cosmos/alphazero-multi-game/build/tests/game_tests" "--gtest_filter=GomokuStateTest.TestHash" "--gtest_also_run_disabled_tests"
Directory: /home/cosmos/alphazero-multi-game/build/tests
"GomokuStateTest.TestHash" start time: Apr 30 09:46 KST
Output:
----------------------------------------------------------
Running main() from ./googletest/src/gtest_main.cc
Note: Google Test filter = GomokuStateTest.TestHash
[==========] Running 1 test from 1 test suite.
[----------] Global test environment set-up.
[----------] 1 test from GomokuStateTest
[ RUN      ] GomokuStateTest.TestHash
[       OK ] GomokuStateTest.TestHash (0 ms)
[----------] 1 test from GomokuStateTest (0 ms total)

[----------] Global test environment tear-down
[==========] 1 test from 1 test suite ran. (0 ms total)
[  PASSED  ] 1 test.
<end of output>
Test time =   0.32 sec
----------------------------------------------------------
Test Passed.
"GomokuStateTest.TestHash" end time: Apr 30 09:46 KST
"GomokuStateTest.TestHash" time elapsed: 00:00:00
----------------------------------------------------------

53/134 Testing: GomokuStateTest.ActionStringConversion
53/134 Test: GomokuStateTest.ActionStringConversion
Command: "/home/cosmos/alphazero-multi-game/build/tests/game_tests" "--gtest_filter=GomokuStateTest.ActionStringConversion" "--gtest_also_run_disabled_tests"
Directory: /home/cosmos/alphazero-multi-game/build/tests
"GomokuStateTest.ActionStringConversion" start time: Apr 30 09:46 KST
Output:
----------------------------------------------------------
Running main() from ./googletest/src/gtest_main.cc
Note: Google Test filter = GomokuStateTest.ActionStringConversion
[==========] Running 1 test from 1 test suite.
[----------] Global test environment set-up.
[----------] 1 test from GomokuStateTest
[ RUN      ] GomokuStateTest.ActionStringConversion
[       OK ] GomokuStateTest.ActionStringConversion (0 ms)
[----------] 1 test from GomokuStateTest (0 ms total)

[----------] Global test environment tear-down
[==========] 1 test from 1 test suite ran. (0 ms total)
[  PASSED  ] 1 test.
<end of output>
Test time =   0.31 sec
----------------------------------------------------------
Test Passed.
"GomokuStateTest.ActionStringConversion" end time: Apr 30 09:46 KST
"GomokuStateTest.ActionStringConversion" time elapsed: 00:00:00
----------------------------------------------------------

54/134 Testing: GomokuStateTest.Equals
54/134 Test: GomokuStateTest.Equals
Command: "/home/cosmos/alphazero-multi-game/build/tests/game_tests" "--gtest_filter=GomokuStateTest.Equals" "--gtest_also_run_disabled_tests"
Directory: /home/cosmos/alphazero-multi-game/build/tests
"GomokuStateTest.Equals" start time: Apr 30 09:46 KST
Output:
----------------------------------------------------------
Running main() from ./googletest/src/gtest_main.cc
Note: Google Test filter = GomokuStateTest.Equals
[==========] Running 1 test from 1 test suite.
[----------] Global test environment set-up.
[----------] 1 test from GomokuStateTest
[ RUN      ] GomokuStateTest.Equals
[       OK ] GomokuStateTest.Equals (0 ms)
[----------] 1 test from GomokuStateTest (0 ms total)

[----------] Global test environment tear-down
[==========] 1 test from 1 test suite ran. (0 ms total)
[  PASSED  ] 1 test.
<end of output>
Test time =   0.42 sec
----------------------------------------------------------
Test Passed.
"GomokuStateTest.Equals" end time: Apr 30 09:46 KST
"GomokuStateTest.Equals" time elapsed: 00:00:00
----------------------------------------------------------

55/134 Testing: GomokuStateTest.CustomBoardSize
55/134 Test: GomokuStateTest.CustomBoardSize
Command: "/home/cosmos/alphazero-multi-game/build/tests/game_tests" "--gtest_filter=GomokuStateTest.CustomBoardSize" "--gtest_also_run_disabled_tests"
Directory: /home/cosmos/alphazero-multi-game/build/tests
"GomokuStateTest.CustomBoardSize" start time: Apr 30 09:46 KST
Output:
----------------------------------------------------------
Running main() from ./googletest/src/gtest_main.cc
Note: Google Test filter = GomokuStateTest.CustomBoardSize
[==========] Running 1 test from 1 test suite.
[----------] Global test environment set-up.
[----------] 1 test from GomokuStateTest
[ RUN      ] GomokuStateTest.CustomBoardSize
[       OK ] GomokuStateTest.CustomBoardSize (0 ms)
[----------] 1 test from GomokuStateTest (0 ms total)

[----------] Global test environment tear-down
[==========] 1 test from 1 test suite ran. (0 ms total)
[  PASSED  ] 1 test.
<end of output>
Test time =   0.31 sec
----------------------------------------------------------
Test Passed.
"GomokuStateTest.CustomBoardSize" end time: Apr 30 09:46 KST
"GomokuStateTest.CustomBoardSize" time elapsed: 00:00:00
----------------------------------------------------------

56/134 Testing: MCTSNodeTest.InitialState
56/134 Test: MCTSNodeTest.InitialState
Command: "/home/cosmos/alphazero-multi-game/build/tests/mcts_tests" "--gtest_filter=MCTSNodeTest.InitialState" "--gtest_also_run_disabled_tests"
Directory: /home/cosmos/alphazero-multi-game/build/tests
"MCTSNodeTest.InitialState" start time: Apr 30 09:46 KST
Output:
----------------------------------------------------------
Running main() from ./googletest/src/gtest_main.cc
Note: Google Test filter = MCTSNodeTest.InitialState
[==========] Running 1 test from 1 test suite.
[----------] Global test environment set-up.
[----------] 1 test from MCTSNodeTest
[ RUN      ] MCTSNodeTest.InitialState
[       OK ] MCTSNodeTest.InitialState (0 ms)
[----------] 1 test from MCTSNodeTest (0 ms total)

[----------] Global test environment tear-down
[==========] 1 test from 1 test suite ran. (0 ms total)
[  PASSED  ] 1 test.
<end of output>
Test time =   0.31 sec
----------------------------------------------------------
Test Passed.
"MCTSNodeTest.InitialState" end time: Apr 30 09:46 KST
"MCTSNodeTest.InitialState" time elapsed: 00:00:00
----------------------------------------------------------

57/134 Testing: MCTSNodeTest.AddChild
57/134 Test: MCTSNodeTest.AddChild
Command: "/home/cosmos/alphazero-multi-game/build/tests/mcts_tests" "--gtest_filter=MCTSNodeTest.AddChild" "--gtest_also_run_disabled_tests"
Directory: /home/cosmos/alphazero-multi-game/build/tests
"MCTSNodeTest.AddChild" start time: Apr 30 09:46 KST
Output:
----------------------------------------------------------
Running main() from ./googletest/src/gtest_main.cc
Note: Google Test filter = MCTSNodeTest.AddChild
[==========] Running 1 test from 1 test suite.
[----------] Global test environment set-up.
[----------] 1 test from MCTSNodeTest
[ RUN      ] MCTSNodeTest.AddChild
[       OK ] MCTSNodeTest.AddChild (0 ms)
[----------] 1 test from MCTSNodeTest (0 ms total)

[----------] Global test environment tear-down
[==========] 1 test from 1 test suite ran. (0 ms total)
[  PASSED  ] 1 test.
<end of output>
Test time =   0.32 sec
----------------------------------------------------------
Test Passed.
"MCTSNodeTest.AddChild" end time: Apr 30 09:46 KST
"MCTSNodeTest.AddChild" time elapsed: 00:00:00
----------------------------------------------------------

58/134 Testing: MCTSNodeTest.BackPropagation
58/134 Test: MCTSNodeTest.BackPropagation
Command: "/home/cosmos/alphazero-multi-game/build/tests/mcts_tests" "--gtest_filter=MCTSNodeTest.BackPropagation" "--gtest_also_run_disabled_tests"
Directory: /home/cosmos/alphazero-multi-game/build/tests
"MCTSNodeTest.BackPropagation" start time: Apr 30 09:46 KST
Output:
----------------------------------------------------------
Running main() from ./googletest/src/gtest_main.cc
Note: Google Test filter = MCTSNodeTest.BackPropagation
[==========] Running 1 test from 1 test suite.
[----------] Global test environment set-up.
[----------] 1 test from MCTSNodeTest
[ RUN      ] MCTSNodeTest.BackPropagation
[       OK ] MCTSNodeTest.BackPropagation (0 ms)
[----------] 1 test from MCTSNodeTest (0 ms total)

[----------] Global test environment tear-down
[==========] 1 test from 1 test suite ran. (0 ms total)
[  PASSED  ] 1 test.
<end of output>
Test time =   0.31 sec
----------------------------------------------------------
Test Passed.
"MCTSNodeTest.BackPropagation" end time: Apr 30 09:46 KST
"MCTSNodeTest.BackPropagation" time elapsed: 00:00:00
----------------------------------------------------------

59/134 Testing: MCTSNodeTest.GetUcbScore
59/134 Test: MCTSNodeTest.GetUcbScore
Command: "/home/cosmos/alphazero-multi-game/build/tests/mcts_tests" "--gtest_filter=MCTSNodeTest.GetUcbScore" "--gtest_also_run_disabled_tests"
Directory: /home/cosmos/alphazero-multi-game/build/tests
"MCTSNodeTest.GetUcbScore" start time: Apr 30 09:46 KST
Output:
----------------------------------------------------------
Running main() from ./googletest/src/gtest_main.cc
Note: Google Test filter = MCTSNodeTest.GetUcbScore
[==========] Running 1 test from 1 test suite.
[----------] Global test environment set-up.
[----------] 1 test from MCTSNodeTest
[ RUN      ] MCTSNodeTest.GetUcbScore
Expected score: 0.875
Actual score: 0.875
Values: cPuct=1.5, prior=0.5, rootVisits=1, childVisits=1, childValue=0.5
[       OK ] MCTSNodeTest.GetUcbScore (0 ms)
[----------] 1 test from MCTSNodeTest (0 ms total)

[----------] Global test environment tear-down
[==========] 1 test from 1 test suite ran. (0 ms total)
[  PASSED  ] 1 test.
<end of output>
Test time =   0.32 sec
----------------------------------------------------------
Test Passed.
"MCTSNodeTest.GetUcbScore" end time: Apr 30 09:46 KST
"MCTSNodeTest.GetUcbScore" time elapsed: 00:00:00
----------------------------------------------------------

60/134 Testing: MCTSNodeTest.VirtualLoss
60/134 Test: MCTSNodeTest.VirtualLoss
Command: "/home/cosmos/alphazero-multi-game/build/tests/mcts_tests" "--gtest_filter=MCTSNodeTest.VirtualLoss" "--gtest_also_run_disabled_tests"
Directory: /home/cosmos/alphazero-multi-game/build/tests
"MCTSNodeTest.VirtualLoss" start time: Apr 30 09:46 KST
Output:
----------------------------------------------------------
Running main() from ./googletest/src/gtest_main.cc
Note: Google Test filter = MCTSNodeTest.VirtualLoss
[==========] Running 1 test from 1 test suite.
[----------] Global test environment set-up.
[----------] 1 test from MCTSNodeTest
[ RUN      ] MCTSNodeTest.VirtualLoss
[       OK ] MCTSNodeTest.VirtualLoss (0 ms)
[----------] 1 test from MCTSNodeTest (0 ms total)

[----------] Global test environment tear-down
[==========] 1 test from 1 test suite ran. (0 ms total)
[  PASSED  ] 1 test.
<end of output>
Test time =   0.31 sec
----------------------------------------------------------
Test Passed.
"MCTSNodeTest.VirtualLoss" end time: Apr 30 09:46 KST
"MCTSNodeTest.VirtualLoss" time elapsed: 00:00:00
----------------------------------------------------------

61/134 Testing: MCTSNodeTest.GetBestAction
61/134 Test: MCTSNodeTest.GetBestAction
Command: "/home/cosmos/alphazero-multi-game/build/tests/mcts_tests" "--gtest_filter=MCTSNodeTest.GetBestAction" "--gtest_also_run_disabled_tests"
Directory: /home/cosmos/alphazero-multi-game/build/tests
"MCTSNodeTest.GetBestAction" start time: Apr 30 09:46 KST
Output:
----------------------------------------------------------
Running main() from ./googletest/src/gtest_main.cc
Note: Google Test filter = MCTSNodeTest.GetBestAction
[==========] Running 1 test from 1 test suite.
[----------] Global test environment set-up.
[----------] 1 test from MCTSNodeTest
[ RUN      ] MCTSNodeTest.GetBestAction
[       OK ] MCTSNodeTest.GetBestAction (0 ms)
[----------] 1 test from MCTSNodeTest (0 ms total)

[----------] Global test environment tear-down
[==========] 1 test from 1 test suite ran. (0 ms total)
[  PASSED  ] 1 test.
<end of output>
Test time =   0.31 sec
----------------------------------------------------------
Test Passed.
"MCTSNodeTest.GetBestAction" end time: Apr 30 09:46 KST
"MCTSNodeTest.GetBestAction" time elapsed: 00:00:00
----------------------------------------------------------

62/134 Testing: MCTSNodeTest.GetVisitCountDistribution
62/134 Test: MCTSNodeTest.GetVisitCountDistribution
Command: "/home/cosmos/alphazero-multi-game/build/tests/mcts_tests" "--gtest_filter=MCTSNodeTest.GetVisitCountDistribution" "--gtest_also_run_disabled_tests"
Directory: /home/cosmos/alphazero-multi-game/build/tests
"MCTSNodeTest.GetVisitCountDistribution" start time: Apr 30 09:46 KST
Output:
----------------------------------------------------------
Running main() from ./googletest/src/gtest_main.cc
Note: Google Test filter = MCTSNodeTest.GetVisitCountDistribution
[==========] Running 1 test from 1 test suite.
[----------] Global test environment set-up.
[----------] 1 test from MCTSNodeTest
[ RUN      ] MCTSNodeTest.GetVisitCountDistribution
[       OK ] MCTSNodeTest.GetVisitCountDistribution (0 ms)
[----------] 1 test from MCTSNodeTest (0 ms total)

[----------] Global test environment tear-down
[==========] 1 test from 1 test suite ran. (0 ms total)
[  PASSED  ] 1 test.
<end of output>
Test time =   0.32 sec
----------------------------------------------------------
Test Passed.
"MCTSNodeTest.GetVisitCountDistribution" end time: Apr 30 09:46 KST
"MCTSNodeTest.GetVisitCountDistribution" time elapsed: 00:00:00
----------------------------------------------------------

63/134 Testing: MCTSNodeTest.GetActionIndex
63/134 Test: MCTSNodeTest.GetActionIndex
Command: "/home/cosmos/alphazero-multi-game/build/tests/mcts_tests" "--gtest_filter=MCTSNodeTest.GetActionIndex" "--gtest_also_run_disabled_tests"
Directory: /home/cosmos/alphazero-multi-game/build/tests
"MCTSNodeTest.GetActionIndex" start time: Apr 30 09:46 KST
Output:
----------------------------------------------------------
Running main() from ./googletest/src/gtest_main.cc
Note: Google Test filter = MCTSNodeTest.GetActionIndex
[==========] Running 1 test from 1 test suite.
[----------] Global test environment set-up.
[----------] 1 test from MCTSNodeTest
[ RUN      ] MCTSNodeTest.GetActionIndex
[       OK ] MCTSNodeTest.GetActionIndex (0 ms)
[----------] 1 test from MCTSNodeTest (0 ms total)

[----------] Global test environment tear-down
[==========] 1 test from 1 test suite ran. (0 ms total)
[  PASSED  ] 1 test.
<end of output>
Test time =   0.32 sec
----------------------------------------------------------
Test Passed.
"MCTSNodeTest.GetActionIndex" end time: Apr 30 09:46 KST
"MCTSNodeTest.GetActionIndex" time elapsed: 00:00:00
----------------------------------------------------------

64/134 Testing: MCTSNodeTest.GetChild
64/134 Test: MCTSNodeTest.GetChild
Command: "/home/cosmos/alphazero-multi-game/build/tests/mcts_tests" "--gtest_filter=MCTSNodeTest.GetChild" "--gtest_also_run_disabled_tests"
Directory: /home/cosmos/alphazero-multi-game/build/tests
"MCTSNodeTest.GetChild" start time: Apr 30 09:46 KST
Output:
----------------------------------------------------------
Running main() from ./googletest/src/gtest_main.cc
Note: Google Test filter = MCTSNodeTest.GetChild
[==========] Running 1 test from 1 test suite.
[----------] Global test environment set-up.
[----------] 1 test from MCTSNodeTest
[ RUN      ] MCTSNodeTest.GetChild
[       OK ] MCTSNodeTest.GetChild (0 ms)
[----------] 1 test from MCTSNodeTest (0 ms total)

[----------] Global test environment tear-down
[==========] 1 test from 1 test suite ran. (0 ms total)
[  PASSED  ] 1 test.
<end of output>
Test time =   0.31 sec
----------------------------------------------------------
Test Passed.
"MCTSNodeTest.GetChild" end time: Apr 30 09:46 KST
"MCTSNodeTest.GetChild" time elapsed: 00:00:00
----------------------------------------------------------

65/134 Testing: MCTSNodeTest.GetBestActions
65/134 Test: MCTSNodeTest.GetBestActions
Command: "/home/cosmos/alphazero-multi-game/build/tests/mcts_tests" "--gtest_filter=MCTSNodeTest.GetBestActions" "--gtest_also_run_disabled_tests"
Directory: /home/cosmos/alphazero-multi-game/build/tests
"MCTSNodeTest.GetBestActions" start time: Apr 30 09:46 KST
Output:
----------------------------------------------------------
Running main() from ./googletest/src/gtest_main.cc
Note: Google Test filter = MCTSNodeTest.GetBestActions
[==========] Running 1 test from 1 test suite.
[----------] Global test environment set-up.
[----------] 1 test from MCTSNodeTest
[ RUN      ] MCTSNodeTest.GetBestActions
[       OK ] MCTSNodeTest.GetBestActions (0 ms)
[----------] 1 test from MCTSNodeTest (0 ms total)

[----------] Global test environment tear-down
[==========] 1 test from 1 test suite ran. (0 ms total)
[  PASSED  ] 1 test.
<end of output>
Test time =   0.37 sec
----------------------------------------------------------
Test Passed.
"MCTSNodeTest.GetBestActions" end time: Apr 30 09:46 KST
"MCTSNodeTest.GetBestActions" time elapsed: 00:00:00
----------------------------------------------------------

66/134 Testing: ParallelMCTSTest.Search
66/134 Test: ParallelMCTSTest.Search
Command: "/home/cosmos/alphazero-multi-game/build/tests/mcts_tests" "--gtest_filter=ParallelMCTSTest.Search" "--gtest_also_run_disabled_tests"
Directory: /home/cosmos/alphazero-multi-game/build/tests
"ParallelMCTSTest.Search" start time: Apr 30 09:46 KST
Output:
----------------------------------------------------------
Running main() from ./googletest/src/gtest_main.cc
Note: Google Test filter = ParallelMCTSTest.Search
[==========] Running 1 test from 1 test suite.
[----------] Global test environment set-up.
[----------] 1 test from ParallelMCTSTest
[ RUN      ] ParallelMCTSTest.Search
[       OK ] ParallelMCTSTest.Search (16 ms)
[----------] 1 test from ParallelMCTSTest (16 ms total)

[----------] Global test environment tear-down
[==========] 1 test from 1 test suite ran. (16 ms total)
[  PASSED  ] 1 test.
<end of output>
Test time =   0.37 sec
----------------------------------------------------------
Test Passed.
"ParallelMCTSTest.Search" end time: Apr 30 09:46 KST
"ParallelMCTSTest.Search" time elapsed: 00:00:00
----------------------------------------------------------

67/134 Testing: ParallelMCTSTest.ActionProbabilities
67/134 Test: ParallelMCTSTest.ActionProbabilities
Command: "/home/cosmos/alphazero-multi-game/build/tests/mcts_tests" "--gtest_filter=ParallelMCTSTest.ActionProbabilities" "--gtest_also_run_disabled_tests"
Directory: /home/cosmos/alphazero-multi-game/build/tests
"ParallelMCTSTest.ActionProbabilities" start time: Apr 30 09:46 KST
Output:
----------------------------------------------------------
Running main() from ./googletest/src/gtest_main.cc
[...]
[==========] Running 1 test from 1 test suite.
[----------] Global test environment set-up.
[----------] 1 test from ChessIntegrationTest
[ RUN      ] ChessIntegrationTest.OpeningMoves
[       OK ] ChessIntegrationTest.OpeningMoves (24 ms)
[----------] 1 test from ChessIntegrationTest (24 ms total)

[----------] Global test environment tear-down
[==========] 1 test from 1 test suite ran. (24 ms total)
[  PASSED  ] 1 test.
<end of output>
Test time =   0.35 sec
----------------------------------------------------------
Test Passed.
"ChessIntegrationTest.OpeningMoves" end time: Apr 30 09:47 KST
"ChessIntegrationTest.OpeningMoves" time elapsed: 00:00:00
----------------------------------------------------------

120/134 Testing: ChessIntegrationTest.Check
120/134 Test: ChessIntegrationTest.Check
Command: "/home/cosmos/alphazero-multi-game/build/tests/integration_tests" "--gtest_filter=ChessIntegrationTest.Check" "--gtest_also_run_disabled_tests"
Directory: /home/cosmos/alphazero-multi-game/build/tests
"ChessIntegrationTest.Check" start time: Apr 30 09:47 KST
Output:
----------------------------------------------------------
Running main() from ./googletest/src/gtest_main.cc
Note: Google Test filter = ChessIntegrationTest.Check
[==========] Running 1 test from 1 test suite.
[----------] Global test environment set-up.
[----------] 1 test from ChessIntegrationTest
[ RUN      ] ChessIntegrationTest.Check
[       OK ] ChessIntegrationTest.Check (0 ms)
[----------] 1 test from ChessIntegrationTest (1 ms total)

[----------] Global test environment tear-down
[==========] 1 test from 1 test suite ran. (1 ms total)
[  PASSED  ] 1 test.
<end of output>
Test time =   0.32 sec
----------------------------------------------------------
Test Passed.
"ChessIntegrationTest.Check" end time: Apr 30 09:47 KST
"ChessIntegrationTest.Check" time elapsed: 00:00:00
----------------------------------------------------------

121/134 Testing: ChessIntegrationTest.Checkmate
121/134 Test: ChessIntegrationTest.Checkmate
Command: "/home/cosmos/alphazero-multi-game/build/tests/integration_tests" "--gtest_filter=ChessIntegrationTest.Checkmate" "--gtest_also_run_disabled_tests"
Directory: /home/cosmos/alphazero-multi-game/build/tests
"ChessIntegrationTest.Checkmate" start time: Apr 30 09:47 KST
Output:
----------------------------------------------------------
Running main() from ./googletest/src/gtest_main.cc
Note: Google Test filter = ChessIntegrationTest.Checkmate
[==========] Running 1 test from 1 test suite.
[----------] Global test environment set-up.
[----------] 1 test from ChessIntegrationTest
[ RUN      ] ChessIntegrationTest.Checkmate
[       OK ] ChessIntegrationTest.Checkmate (1 ms)
[----------] 1 test from ChessIntegrationTest (1 ms total)

[----------] Global test environment tear-down
[==========] 1 test from 1 test suite ran. (1 ms total)
[  PASSED  ] 1 test.
<end of output>
Test time =   0.34 sec
----------------------------------------------------------
Test Passed.
"ChessIntegrationTest.Checkmate" end time: Apr 30 09:47 KST
"ChessIntegrationTest.Checkmate" time elapsed: 00:00:00
----------------------------------------------------------

122/134 Testing: ChessIntegrationTest.Chess960
122/134 Test: ChessIntegrationTest.Chess960
Command: "/home/cosmos/alphazero-multi-game/build/tests/integration_tests" "--gtest_filter=ChessIntegrationTest.Chess960" "--gtest_also_run_disabled_tests"
Directory: /home/cosmos/alphazero-multi-game/build/tests
"ChessIntegrationTest.Chess960" start time: Apr 30 09:47 KST
Output:
----------------------------------------------------------
Running main() from ./googletest/src/gtest_main.cc
Note: Google Test filter = ChessIntegrationTest.Chess960
[==========] Running 1 test from 1 test suite.
[----------] Global test environment set-up.
[----------] 1 test from ChessIntegrationTest
[ RUN      ] ChessIntegrationTest.Chess960
Chess960 test position:
  a b c d e f g h
8 r n b q k b n r 8
7 p p p p p p p p 7
6 . . . . . . . . 6
5 . . . . . . . . 5
4 . . . . . . . . 4
3 . . . . . . . . 3
2 P P P P P P P P 2
1 R N B Q K B N R 1
  a b c d e f g h
Current player: White
Castling rights: KQkq
En passant square: -
Halfmove clock: 0
Fullmove number: 1
FEN: rnbqkbnr/pppppppp/8/8/8/8/PPPPPPPP/RNBQKBNR w KQkq - 0 1

Selected move: a2a3
[       OK ] ChessIntegrationTest.Chess960 (22 ms)
[----------] 1 test from ChessIntegrationTest (22 ms total)

[----------] Global test environment tear-down
[==========] 1 test from 1 test suite ran. (22 ms total)
[  PASSED  ] 1 test.
<end of output>
Test time =   0.35 sec
----------------------------------------------------------
Test Passed.
"ChessIntegrationTest.Chess960" end time: Apr 30 09:47 KST
"ChessIntegrationTest.Chess960" time elapsed: 00:00:00
----------------------------------------------------------

123/134 Testing: ChessIntegrationTest.CastlingMoves
123/134 Test: ChessIntegrationTest.CastlingMoves
Command: "/home/cosmos/alphazero-multi-game/build/tests/integration_tests" "--gtest_filter=ChessIntegrationTest.CastlingMoves" "--gtest_also_run_disabled_tests"
Directory: /home/cosmos/alphazero-multi-game/build/tests
"ChessIntegrationTest.CastlingMoves" start time: Apr 30 09:47 KST
Output:
----------------------------------------------------------
Running main() from ./googletest/src/gtest_main.cc
Note: Google Test filter = ChessIntegrationTest.CastlingMoves
[==========] Running 1 test from 1 test suite.
[----------] Global test environment set-up.
[----------] 1 test from ChessIntegrationTest
[ RUN      ] ChessIntegrationTest.CastlingMoves
[       OK ] ChessIntegrationTest.CastlingMoves (1 ms)
[----------] 1 test from ChessIntegrationTest (1 ms total)

[----------] Global test environment tear-down
[==========] 1 test from 1 test suite ran. (1 ms total)
[  PASSED  ] 1 test.
<end of output>
Test time =   0.33 sec
----------------------------------------------------------
Test Passed.
"ChessIntegrationTest.CastlingMoves" end time: Apr 30 09:47 KST
"ChessIntegrationTest.CastlingMoves" time elapsed: 00:00:00
----------------------------------------------------------

124/134 Testing: ChessIntegrationTest.PawnPromotion
124/134 Test: ChessIntegrationTest.PawnPromotion
Command: "/home/cosmos/alphazero-multi-game/build/tests/integration_tests" "--gtest_filter=ChessIntegrationTest.PawnPromotion" "--gtest_also_run_disabled_tests"
Directory: /home/cosmos/alphazero-multi-game/build/tests
"ChessIntegrationTest.PawnPromotion" start time: Apr 30 09:47 KST
Output:
----------------------------------------------------------
Running main() from ./googletest/src/gtest_main.cc
Note: Google Test filter = ChessIntegrationTest.PawnPromotion
[==========] Running 1 test from 1 test suite.
[----------] Global test environment set-up.
[----------] 1 test from ChessIntegrationTest
[ RUN      ] ChessIntegrationTest.PawnPromotion
[       OK ] ChessIntegrationTest.PawnPromotion (21 ms)
[----------] 1 test from ChessIntegrationTest (21 ms total)

[----------] Global test environment tear-down
[==========] 1 test from 1 test suite ran. (22 ms total)
[  PASSED  ] 1 test.
<end of output>
Test time =   0.35 sec
----------------------------------------------------------
Test Passed.
"ChessIntegrationTest.PawnPromotion" end time: Apr 30 09:47 KST
"ChessIntegrationTest.PawnPromotion" time elapsed: 00:00:00
----------------------------------------------------------

125/134 Testing: GoIntegrationTest.SelfPlayAndGameRecord
125/134 Test: GoIntegrationTest.SelfPlayAndGameRecord
Command: "/home/cosmos/alphazero-multi-game/build/tests/integration_tests" "--gtest_filter=GoIntegrationTest.SelfPlayAndGameRecord" "--gtest_also_run_disabled_tests"
Directory: /home/cosmos/alphazero-multi-game/build/tests
"GoIntegrationTest.SelfPlayAndGameRecord" start time: Apr 30 09:47 KST
Output:
----------------------------------------------------------
Running main() from ./googletest/src/gtest_main.cc
Note: Google Test filter = GoIntegrationTest.SelfPlayAndGameRecord
[==========] Running 1 test from 1 test suite.
[----------] Global test environment set-up.
[----------] 1 test from GoIntegrationTest
[ RUN      ] GoIntegrationTest.SelfPlayAndGameRecord
[       OK ] GoIntegrationTest.SelfPlayAndGameRecord (24 ms)
[----------] 1 test from GoIntegrationTest (24 ms total)

[----------] Global test environment tear-down
[==========] 1 test from 1 test suite ran. (24 ms total)
[  PASSED  ] 1 test.
<end of output>
Test time =   0.36 sec
----------------------------------------------------------
Test Passed.
"GoIntegrationTest.SelfPlayAndGameRecord" end time: Apr 30 09:47 KST
"GoIntegrationTest.SelfPlayAndGameRecord" time elapsed: 00:00:00
----------------------------------------------------------

126/134 Testing: GoIntegrationTest.PlayAgainstSelf
126/134 Test: GoIntegrationTest.PlayAgainstSelf
Command: "/home/cosmos/alphazero-multi-game/build/tests/integration_tests" "--gtest_filter=GoIntegrationTest.PlayAgainstSelf" "--gtest_also_run_disabled_tests"
Directory: /home/cosmos/alphazero-multi-game/build/tests
"GoIntegrationTest.PlayAgainstSelf" start time: Apr 30 09:47 KST
Output:
----------------------------------------------------------
Running main() from ./googletest/src/gtest_main.cc
Note: Google Test filter = GoIntegrationTest.PlayAgainstSelf
[==========] Running 1 test from 1 test suite.
[----------] Global test environment set-up.
[----------] 1 test from GoIntegrationTest
[ RUN      ] GoIntegrationTest.PlayAgainstSelf
[       OK ] GoIntegrationTest.PlayAgainstSelf (20 ms)
[----------] 1 test from GoIntegrationTest (20 ms total)

[----------] Global test environment tear-down
[==========] 1 test from 1 test suite ran. (20 ms total)
[  PASSED  ] 1 test.
<end of output>
Test time =   0.36 sec
----------------------------------------------------------
Test Passed.
"GoIntegrationTest.PlayAgainstSelf" end time: Apr 30 09:47 KST
"GoIntegrationTest.PlayAgainstSelf" time elapsed: 00:00:00
----------------------------------------------------------

127/134 Testing: GoIntegrationTest.TensorRepresentations
127/134 Test: GoIntegrationTest.TensorRepresentations
Command: "/home/cosmos/alphazero-multi-game/build/tests/integration_tests" "--gtest_filter=GoIntegrationTest.TensorRepresentations" "--gtest_also_run_disabled_tests"
Directory: /home/cosmos/alphazero-multi-game/build/tests
"GoIntegrationTest.TensorRepresentations" start time: Apr 30 09:47 KST
Output:
----------------------------------------------------------
Running main() from ./googletest/src/gtest_main.cc
Note: Google Test filter = GoIntegrationTest.TensorRepresentations
[==========] Running 1 test from 1 test suite.
[----------] Global test environment set-up.
[----------] 1 test from GoIntegrationTest
[ RUN      ] GoIntegrationTest.TensorRepresentations
[       OK ] GoIntegrationTest.TensorRepresentations (1 ms)
[----------] 1 test from GoIntegrationTest (1 ms total)

[----------] Global test environment tear-down
[==========] 1 test from 1 test suite ran. (2 ms total)
[  PASSED  ] 1 test.
<end of output>
Test time =   0.32 sec
----------------------------------------------------------
Test Passed.
"GoIntegrationTest.TensorRepresentations" end time: Apr 30 09:47 KST
"GoIntegrationTest.TensorRepresentations" time elapsed: 00:00:00
----------------------------------------------------------

128/134 Testing: GoIntegrationTest.CaptureVerification
128/134 Test: GoIntegrationTest.CaptureVerification
Command: "/home/cosmos/alphazero-multi-game/build/tests/integration_tests" "--gtest_filter=GoIntegrationTest.CaptureVerification" "--gtest_also_run_disabled_tests"
Directory: /home/cosmos/alphazero-multi-game/build/tests
"GoIntegrationTest.CaptureVerification" start time: Apr 30 09:47 KST
Output:
----------------------------------------------------------
Running main() from ./googletest/src/gtest_main.cc
Note: Google Test filter = GoIntegrationTest.CaptureVerification
[==========] Running 1 test from 1 test suite.
[----------] Global test environment set-up.
[----------] 1 test from GoIntegrationTest
[ RUN      ] GoIntegrationTest.CaptureVerification
[       OK ] GoIntegrationTest.CaptureVerification (24 ms)
[----------] 1 test from GoIntegrationTest (24 ms total)

[----------] Global test environment tear-down
[==========] 1 test from 1 test suite ran. (24 ms total)
[  PASSED  ] 1 test.
<end of output>
Test time =   0.38 sec
----------------------------------------------------------
Test Passed.
"GoIntegrationTest.CaptureVerification" end time: Apr 30 09:47 KST
"GoIntegrationTest.CaptureVerification" time elapsed: 00:00:00
----------------------------------------------------------

129/134 Testing: GoIntegrationTest.KoRuleEnforcement
129/134 Test: GoIntegrationTest.KoRuleEnforcement
Command: "/home/cosmos/alphazero-multi-game/build/tests/integration_tests" "--gtest_filter=GoIntegrationTest.KoRuleEnforcement" "--gtest_also_run_disabled_tests"
Directory: /home/cosmos/alphazero-multi-game/build/tests
"GoIntegrationTest.KoRuleEnforcement" start time: Apr 30 09:47 KST
Output:
----------------------------------------------------------
Running main() from ./googletest/src/gtest_main.cc
Note: Google Test filter = GoIntegrationTest.KoRuleEnforcement
[==========] Running 1 test from 1 test suite.
[----------] Global test environment set-up.
[----------] 1 test from GoIntegrationTest
[ RUN      ] GoIntegrationTest.KoRuleEnforcement
[       OK ] GoIntegrationTest.KoRuleEnforcement (0 ms)
[----------] 1 test from GoIntegrationTest (0 ms total)

[----------] Global test environment tear-down
[==========] 1 test from 1 test suite ran. (0 ms total)
[  PASSED  ] 1 test.
<end of output>
Test time =   0.32 sec
----------------------------------------------------------
Test Passed.
"GoIntegrationTest.KoRuleEnforcement" end time: Apr 30 09:47 KST
"GoIntegrationTest.KoRuleEnforcement" time elapsed: 00:00:00
----------------------------------------------------------

130/134 Testing: GoIntegrationTest.Territory
130/134 Test: GoIntegrationTest.Territory
Command: "/home/cosmos/alphazero-multi-game/build/tests/integration_tests" "--gtest_filter=GoIntegrationTest.Territory" "--gtest_also_run_disabled_tests"
Directory: /home/cosmos/alphazero-multi-game/build/tests
"GoIntegrationTest.Territory" start time: Apr 30 09:47 KST
Output:
----------------------------------------------------------
Running main() from ./googletest/src/gtest_main.cc
Note: Google Test filter = GoIntegrationTest.Territory
[==========] Running 1 test from 1 test suite.
[----------] Global test environment set-up.
[----------] 1 test from GoIntegrationTest
[ RUN      ] GoIntegrationTest.Territory
[       OK ] GoIntegrationTest.Territory (1 ms)
[----------] 1 test from GoIntegrationTest (1 ms total)

[----------] Global test environment tear-down
[==========] 1 test from 1 test suite ran. (1 ms total)
[  PASSED  ] 1 test.
<end of output>
Test time =   0.32 sec
----------------------------------------------------------
Test Passed.
"GoIntegrationTest.Territory" end time: Apr 30 09:47 KST
"GoIntegrationTest.Territory" time elapsed: 00:00:00
----------------------------------------------------------

131/134 Testing: GomokuIntegrationTest.SelfPlayAndGameRecord
131/134 Test: GomokuIntegrationTest.SelfPlayAndGameRecord
Command: "/home/cosmos/alphazero-multi-game/build/tests/integration_tests" "--gtest_filter=GomokuIntegrationTest.SelfPlayAndGameRecord" "--gtest_also_run_disabled_tests"
Directory: /home/cosmos/alphazero-multi-game/build/tests
"GomokuIntegrationTest.SelfPlayAndGameRecord" start time: Apr 30 09:47 KST
Output:
----------------------------------------------------------
Running main() from ./googletest/src/gtest_main.cc
Note: Google Test filter = GomokuIntegrationTest.SelfPlayAndGameRecord
[==========] Running 1 test from 1 test suite.
[----------] Global test environment set-up.
[----------] 1 test from GomokuIntegrationTest
[ RUN      ] GomokuIntegrationTest.SelfPlayAndGameRecord
[       OK ] GomokuIntegrationTest.SelfPlayAndGameRecord (61 ms)
[----------] 1 test from GomokuIntegrationTest (61 ms total)

[----------] Global test environment tear-down
[==========] 1 test from 1 test suite ran. (61 ms total)
[  PASSED  ] 1 test.
<end of output>
Test time =   0.39 sec
----------------------------------------------------------
Test Passed.
"GomokuIntegrationTest.SelfPlayAndGameRecord" end time: Apr 30 09:47 KST
"GomokuIntegrationTest.SelfPlayAndGameRecord" time elapsed: 00:00:00
----------------------------------------------------------

132/134 Testing: GomokuIntegrationTest.PlayAgainstSelf
132/134 Test: GomokuIntegrationTest.PlayAgainstSelf
Command: "/home/cosmos/alphazero-multi-game/build/tests/integration_tests" "--gtest_filter=GomokuIntegrationTest.PlayAgainstSelf" "--gtest_also_run_disabled_tests"
Directory: /home/cosmos/alphazero-multi-game/build/tests
"GomokuIntegrationTest.PlayAgainstSelf" start time: Apr 30 09:47 KST
Output:
----------------------------------------------------------
Running main() from ./googletest/src/gtest_main.cc
Note: Google Test filter = GomokuIntegrationTest.PlayAgainstSelf
[==========] Running 1 test from 1 test suite.
[----------] Global test environment set-up.
[----------] 1 test from GomokuIntegrationTest
[ RUN      ] GomokuIntegrationTest.PlayAgainstSelf
[       OK ] GomokuIntegrationTest.PlayAgainstSelf (227 ms)
[----------] 1 test from GomokuIntegrationTest (227 ms total)

[----------] Global test environment tear-down
[==========] 1 test from 1 test suite ran. (227 ms total)
[  PASSED  ] 1 test.
<end of output>
Test time =   0.56 sec
----------------------------------------------------------
Test Passed.
"GomokuIntegrationTest.PlayAgainstSelf" end time: Apr 30 09:47 KST
"GomokuIntegrationTest.PlayAgainstSelf" time elapsed: 00:00:00
----------------------------------------------------------

133/134 Testing: GomokuIntegrationTest.TensorRepresentations
133/134 Test: GomokuIntegrationTest.TensorRepresentations
Command: "/home/cosmos/alphazero-multi-game/build/tests/integration_tests" "--gtest_filter=GomokuIntegrationTest.TensorRepresentations" "--gtest_also_run_disabled_tests"
Directory: /home/cosmos/alphazero-multi-game/build/tests
"GomokuIntegrationTest.TensorRepresentations" start time: Apr 30 09:47 KST
Output:
----------------------------------------------------------
Running main() from ./googletest/src/gtest_main.cc
Note: Google Test filter = GomokuIntegrationTest.TensorRepresentations
[==========] Running 1 test from 1 test suite.
[----------] Global test environment set-up.
[----------] 1 test from GomokuIntegrationTest
[ RUN      ] GomokuIntegrationTest.TensorRepresentations
[       OK ] GomokuIntegrationTest.TensorRepresentations (2 ms)
[----------] 1 test from GomokuIntegrationTest (2 ms total)

[----------] Global test environment tear-down
[==========] 1 test from 1 test suite ran. (2 ms total)
[  PASSED  ] 1 test.
<end of output>
Test time =   0.38 sec
----------------------------------------------------------
Test Passed.
"GomokuIntegrationTest.TensorRepresentations" end time: Apr 30 09:47 KST
"GomokuIntegrationTest.TensorRepresentations" time elapsed: 00:00:00
----------------------------------------------------------

134/134 Testing: performance_tests
134/134 Test: performance_tests
Command: "/home/cosmos/alphazero-multi-game/build/tests/performance_tests"
Directory: /home/cosmos/alphazero-multi-game/build/tests
"performance_tests" start time: Apr 30 09:47 KST
Output:
----------------------------------------------------------
Running main() from ./googletest/src/gtest_main.cc
[==========] Running 0 tests from 0 test suites.
[==========] 0 tests from 0 test suites ran. (0 ms total)
[  PASSED  ] 0 tests.
<end of output>
Test time =   0.35 sec
----------------------------------------------------------
Test Passed.
"performance_tests" end time: Apr 30 09:47 KST
"performance_tests" time elapsed: 00:00:00
----------------------------------------------------------

End testing: Apr 30 09:47 KST
