<?xml version="1.0" encoding="UTF-8"?>
<Site BuildName="(empty)"
	BuildStamp="20250430-0130-Experimental"
	Name="(empty)"
	Generator="ctest-3.22.1"
	CompilerName=""
	CompilerVersion=""
	OSName="Linux"
	Hostname="cosmosapjw"
	OSRelease="5.15.167.4-microsoft-standard-WSL2"
	OSVersion="#1 SMP Tue Nov 5 00:21:55 UTC 2024"
	OSPlatform="x86_64"
	Is64Bits="1"
	VendorString="AuthenticAMD"
	VendorID="Advanced Micro Devices"
	FamilyID="25"
	ModelID="33"
	ProcessorCacheSize="512"
	NumberOfLogicalCPU="24"
	NumberOfPhysicalCPU="12"
	TotalVirtualMemory="8192"
	TotalPhysicalMemory="32051"
	LogicalProcessorsPerPhysical="2"
	ProcessorClockFrequency="3693.1"
	>
	<Testing>
		<StartDateTime>Apr 30 10:30 KST</StartDateTime>
		<StartTestTime>1745976621</StartTestTime>
		<TestList/>
		<EndDateTime>Apr 30 10:30 KST</EndDateTime>
		<EndTestTime>1745976621</EndTestTime>
		<ElapsedMinutes>0</ElapsedMinutes>
	</Testing>
</Site>
